
===========================================================================
 report_power
============================================================================
======================= Fastest Corner ===================================

Group                  Internal  Switching    Leakage      Total
                          Power      Power      Power      Power (Watts)
----------------------------------------------------------------
Sequential             3.22e-13   1.63e-13   5.42e-08   5.42e-08  94.8%
Combinational          1.28e-12   1.47e-12   2.03e-09   2.03e-09   3.5%
Clock                  0.00e+00   0.00e+00   9.74e-10   9.74e-10   1.7%
Macro                  0.00e+00   0.00e+00   0.00e+00   0.00e+00   0.0%
Pad                    0.00e+00   0.00e+00   0.00e+00   0.00e+00   0.0%
----------------------------------------------------------------
Total                  1.60e-12   1.63e-12   5.72e-08   5.72e-08 100.0%
                           0.0%       0.0%     100.0%

======================= Slowest Corner ===================================

Group                  Internal  Switching    Leakage      Total
                          Power      Power      Power      Power (Watts)
----------------------------------------------------------------
Sequential             2.24e-13   1.06e-13   5.38e-07   5.38e-07  24.4%
Combinational          9.38e-13   9.65e-13   1.66e-06   1.66e-06  75.5%
Clock                  0.00e+00   0.00e+00   9.74e-10   9.74e-10   0.0%
Macro                  0.00e+00   0.00e+00   0.00e+00   0.00e+00   0.0%
Pad                    0.00e+00   0.00e+00   0.00e+00   0.00e+00   0.0%
----------------------------------------------------------------
Total                  1.16e-12   1.07e-12   2.20e-06   2.20e-06 100.0%
                           0.0%       0.0%     100.0%

======================= Typical Corner ===================================

Group                  Internal  Switching    Leakage      Total
                          Power      Power      Power      Power (Watts)
----------------------------------------------------------------
Sequential             2.82e-13   1.37e-13   5.41e-08   5.41e-08  96.0%
Combinational          1.15e-12   1.24e-12   1.26e-09   1.26e-09   2.2%
Clock                  0.00e+00   0.00e+00   9.74e-10   9.74e-10   1.7%
Macro                  0.00e+00   0.00e+00   0.00e+00   0.00e+00   0.0%
Pad                    0.00e+00   0.00e+00   0.00e+00   0.00e+00   0.0%
----------------------------------------------------------------
Total                  1.43e-12   1.37e-12   5.63e-08   5.63e-08 100.0%
                           0.0%       0.0%     100.0%

