OpenROAD 0889970d1790a2617e69f253221b8bd7626e51dc 
This program is licensed under the BSD-3 license. See the LICENSE file for details.
Components of this program may be licensed under more restrictive licenses which must be honored.
[INFO]: Reading ODB at '/openlane/designs/pipelined_multiplier/runs/RUN_2024.05.27_20.56.28/tmp/20-pipelined_multiplier.odb'…
define_corners Typical
read_liberty -corner Typical /home/satvik/.volare/sky130A/libs.ref/sky130_fd_sc_hd/lib/sky130_fd_sc_hd__tt_025C_1v80.lib
Using 1e-12 for capacitance...
Using 1e+03 for resistance...
Using 1e-09 for time...
Using 1e+00 for voltage...
Using 1e-03 for current...
Using 1e-09 for power...
Using 1e-06 for distance...
Reading design constraints file at '/openlane/designs/pipelined_multiplier/src/Pipelined_multiplier.sdc'…
[INFO]: Setting signal min routing layer to: met1 and clock min routing layer to met1. 
[INFO]: Setting signal max routing layer to: met5 and clock max routing layer to met5. 
-congestion_iterations 50 -verbose -congestion_report_file /openlane/designs/pipelined_multiplier/runs/RUN_2024.05.27_20.56.28/tmp/routing/groute-congestion.rpt
[INFO GRT-0020] Min routing layer: met1
[INFO GRT-0021] Max routing layer: met5
[INFO GRT-0022] Global adjustment: 30%
[INFO GRT-0023] Grid origin: (0, 0)
[INFO GRT-0043] No OR_DEFAULT vias defined.
[INFO GRT-0088] Layer li1     Track-Pitch = 0.4600  line-2-Via Pitch: 0.3400
[INFO GRT-0088] Layer met1    Track-Pitch = 0.3400  line-2-Via Pitch: 0.3400
[INFO GRT-0088] Layer met2    Track-Pitch = 0.4600  line-2-Via Pitch: 0.3500
[INFO GRT-0088] Layer met3    Track-Pitch = 0.6800  line-2-Via Pitch: 0.6150
[INFO GRT-0088] Layer met4    Track-Pitch = 0.9200  line-2-Via Pitch: 1.0400
[INFO GRT-0088] Layer met5    Track-Pitch = 3.4000  line-2-Via Pitch: 3.1100
[INFO GRT-0019] Found 0 clock nets.
[INFO GRT-0001] Minimum degree: 2
[INFO GRT-0002] Maximum degree: 33
[INFO GRT-0003] Macros: 0
[INFO GRT-0004] Blockages: 448

[INFO GRT-0053] Routing resources analysis:
          Routing      Original      Derated      Resource
Layer     Direction    Resources     Resources    Reduction (%)
---------------------------------------------------------------
li1        Vertical            0             0          0.00%
met1       Horizontal       4496          2195          51.18%
met2       Vertical         3534          2178          38.37%
met3       Horizontal       2248          1414          37.10%
met4       Vertical         1452           705          51.45%
met5       Horizontal        444           169          61.94%
---------------------------------------------------------------

[INFO GRT-0197] Via related to pin nodes: 2097
[INFO GRT-0198] Via related Steiner nodes: 9
[INFO GRT-0199] Via filling finished.
[INFO GRT-0111] Final number of vias: 2497
[INFO GRT-0112] Final usage 3D: 8418

[INFO GRT-0096] Final congestion report:
Layer         Resource        Demand        Usage (%)    Max H / Max V / Total Overflow
---------------------------------------------------------------------------------------
li1                  0             0            0.00%             0 /  0 /  0
met1              2195           462           21.05%             0 /  0 /  0
met2              2178           457           20.98%             0 /  0 /  0
met3              1414             8            0.57%             0 /  0 /  0
met4               705             0            0.00%             0 /  0 /  0
met5               169             0            0.00%             0 /  0 /  0
---------------------------------------------------------------------------------------
Total             6661           927           13.92%             0 /  0 /  0

[INFO GRT-0018] Total wirelength: 11881 um
[INFO GRT-0014] Routed nets: 457
[INFO GRT-0006] Repairing antennas, iteration 1.
[INFO GRT-0043] No OR_DEFAULT vias defined.
[INFO GRT-0012] Found 0 antenna violations.
Placement Analysis
---------------------------------
total displacement          0.0 u
average displacement        0.0 u
max displacement            0.0 u
original HPWL            5724.9 u
legalized HPWL           5914.4 u
delta HPWL                    3 %

[INFO DPL-0020] Mirrored 155 instances
[INFO DPL-0021] HPWL before            5914.4 u
[INFO DPL-0022] HPWL after             5724.9 u
[INFO DPL-0023] HPWL delta               -3.2 %
[INFO]: Setting signal min routing layer to: met1 and clock min routing layer to met1. 
[INFO]: Setting signal max routing layer to: met5 and clock max routing layer to met5. 
-congestion_iterations 50 -verbose -congestion_report_file /openlane/designs/pipelined_multiplier/runs/RUN_2024.05.27_20.56.28/tmp/routing/groute-congestion.rpt
[INFO GRT-0020] Min routing layer: met1
[INFO GRT-0021] Max routing layer: met5
[INFO GRT-0022] Global adjustment: 30%
[INFO GRT-0023] Grid origin: (0, 0)
[INFO GRT-0043] No OR_DEFAULT vias defined.
[INFO GRT-0088] Layer li1     Track-Pitch = 0.4600  line-2-Via Pitch: 0.3400
[INFO GRT-0088] Layer met1    Track-Pitch = 0.3400  line-2-Via Pitch: 0.3400
[INFO GRT-0088] Layer met2    Track-Pitch = 0.4600  line-2-Via Pitch: 0.3500
[INFO GRT-0088] Layer met3    Track-Pitch = 0.6800  line-2-Via Pitch: 0.6150
[INFO GRT-0088] Layer met4    Track-Pitch = 0.9200  line-2-Via Pitch: 1.0400
[INFO GRT-0088] Layer met5    Track-Pitch = 3.4000  line-2-Via Pitch: 3.1100
[INFO GRT-0019] Found 0 clock nets.
[INFO GRT-0001] Minimum degree: 2
[INFO GRT-0002] Maximum degree: 33
[INFO GRT-0003] Macros: 0
[INFO GRT-0004] Blockages: 448

[INFO GRT-0053] Routing resources analysis:
          Routing      Original      Derated      Resource
Layer     Direction    Resources     Resources    Reduction (%)
---------------------------------------------------------------
li1        Vertical            0             0          0.00%
met1       Horizontal       4496          2195          51.18%
met2       Vertical         3534          2178          38.37%
met3       Horizontal       2248          1414          37.10%
met4       Vertical         1452           705          51.45%
met5       Horizontal        444           169          61.94%
---------------------------------------------------------------

[INFO GRT-0197] Via related to pin nodes: 2097
[INFO GRT-0198] Via related Steiner nodes: 9
[INFO GRT-0199] Via filling finished.
[INFO GRT-0111] Final number of vias: 2497
[INFO GRT-0112] Final usage 3D: 8418

[INFO GRT-0096] Final congestion report:
Layer         Resource        Demand        Usage (%)    Max H / Max V / Total Overflow
---------------------------------------------------------------------------------------
li1                  0             0            0.00%             0 /  0 /  0
met1              2195           462           21.05%             0 /  0 /  0
met2              2178           457           20.98%             0 /  0 /  0
met3              1414             8            0.57%             0 /  0 /  0
met4               705             0            0.00%             0 /  0 /  0
met5               169             0            0.00%             0 /  0 /  0
---------------------------------------------------------------------------------------
Total             6661           927           13.92%             0 /  0 /  0

[INFO GRT-0018] Total wirelength: 11881 um
[INFO GRT-0014] Routed nets: 457
Setting global connections for newly added cells…
Writing OpenROAD database to '/openlane/designs/pipelined_multiplier/runs/RUN_2024.05.27_20.56.28/tmp/routing/22-global.odb'…
Writing layout to '/openlane/designs/pipelined_multiplier/runs/RUN_2024.05.27_20.56.28/tmp/routing/22-global.def'…
Writing routing guides to '/openlane/designs/pipelined_multiplier/runs/RUN_2024.05.27_20.56.28/tmp/routing/22-global.guide'…
