OpenROAD 0889970d1790a2617e69f253221b8bd7626e51dc 
This program is licensed under the BSD-3 license. See the LICENSE file for details.
Components of this program may be licensed under more restrictive licenses which must be honored.
[INFO]: Reading ODB at '/openlane/designs/pipelined_multiplier/runs/RUN_2024.05.27_20.56.28/tmp/placement/12-resizer.odb'…
define_corners Typical
read_liberty -corner Typical /home/satvik/.volare/sky130A/libs.ref/sky130_fd_sc_hd/lib/sky130_fd_sc_hd__tt_025C_1v80.lib
Using 1e-12 for capacitance...
Using 1e+03 for resistance...
Using 1e-09 for time...
Using 1e+00 for voltage...
Using 1e-03 for current...
Using 1e-09 for power...
Using 1e-06 for distance...
Reading design constraints file at '/openlane/designs/pipelined_multiplier/src/Pipelined_multiplier.sdc'…
Placement Analysis
---------------------------------
total displacement          0.0 u
average displacement        0.0 u
max displacement            0.0 u
original HPWL            5706.4 u
legalized HPWL           5892.4 u
delta HPWL                    3 %

[INFO DPL-0020] Mirrored 151 instances
[INFO DPL-0021] HPWL before            5892.4 u
[INFO DPL-0022] HPWL after             5706.4 u
[INFO DPL-0023] HPWL delta               -3.2 %
Setting global connections for newly added cells…
Writing OpenROAD database to '/openlane/designs/pipelined_multiplier/runs/RUN_2024.05.27_20.56.28/results/placement/pipelined_multiplier.odb'…
Writing netlist to '/openlane/designs/pipelined_multiplier/runs/RUN_2024.05.27_20.56.28/results/placement/pipelined_multiplier.nl.v'…
Writing powered netlist to '/openlane/designs/pipelined_multiplier/runs/RUN_2024.05.27_20.56.28/results/placement/pipelined_multiplier.pnl.v'…
Writing layout to '/openlane/designs/pipelined_multiplier/runs/RUN_2024.05.27_20.56.28/results/placement/pipelined_multiplier.def'…
