OpenROAD 0889970d1790a2617e69f253221b8bd7626e51dc 
This program is licensed under the BSD-3 license. See the LICENSE file for details.
Components of this program may be licensed under more restrictive licenses which must be honored.
[INFO]: Reading ODB at '/openlane/designs/pipelined_multiplier/runs/RUN_2024.05.27_20.56.28/results/placement/pipelined_multiplier.odb'…
define_corners Typical
read_liberty -corner Typical /home/satvik/.volare/sky130A/libs.ref/sky130_fd_sc_hd/lib/sky130_fd_sc_hd__tt_025C_1v80.lib
Using 1e-12 for capacitance...
Using 1e+03 for resistance...
Using 1e-09 for time...
Using 1e+00 for voltage...
Using 1e-03 for current...
Using 1e-09 for power...
Using 1e-06 for distance...
Reading design constraints file at '/openlane/designs/pipelined_multiplier/src/Pipelined_multiplier.sdc'…
[INFO]: Setting RC values...
min_report

===========================================================================
report_checks -path_delay min (Hold)
============================================================================
======================= Typical Corner ===================================

No paths found.

worst slack corner Typical: INF
min_report_end
max_report

===========================================================================
report_checks -path_delay max (Setup)
============================================================================
======================= Typical Corner ===================================

No paths found.

worst slack corner Typical: INF
max_report_end
checks_report

===========================================================================
report_checks -unconstrained
===========================================================================
======================= Typical Corner ===================================

Startpoint: _765_ (rising edge-triggered flip-flop)
Endpoint: _749_ (rising edge-triggered flip-flop)
Path Group: unconstrained
Path Type: max

Fanout     Cap    Slew   Delay    Time   Description
-----------------------------------------------------------------------------
                  0.17    0.00    0.00 ^ _765_/CLK (sky130_fd_sc_hd__dfxtp_1)
     5    0.01    0.06    0.36    0.36 v _765_/Q (sky130_fd_sc_hd__dfxtp_1)
                                         temp_a[5] (net)
                  0.06    0.00    0.36 v _433_/A (sky130_fd_sc_hd__buf_2)
    10    0.03    0.08    0.18    0.54 v _433_/X (sky130_fd_sc_hd__buf_2)
                                         _087_ (net)
                  0.08    0.00    0.54 v _434_/D (sky130_fd_sc_hd__and4_1)
     3    0.01    0.05    0.23    0.77 v _434_/X (sky130_fd_sc_hd__and4_1)
                                         _088_ (net)
                  0.05    0.00    0.77 v _436_/B (sky130_fd_sc_hd__or3_1)
     2    0.01    0.08    0.36    1.13 v _436_/X (sky130_fd_sc_hd__or3_1)
                                         _090_ (net)
                  0.08    0.00    1.13 v _439_/A1 (sky130_fd_sc_hd__a21o_1)
     3    0.01    0.06    0.19    1.32 v _439_/X (sky130_fd_sc_hd__a21o_1)
                                         _093_ (net)
                  0.06    0.00    1.32 v _447_/A2 (sky130_fd_sc_hd__a21o_1)
     2    0.00    0.04    0.18    1.50 v _447_/X (sky130_fd_sc_hd__a21o_1)
                                         _101_ (net)
                  0.04    0.00    1.50 v _448_/C (sky130_fd_sc_hd__and3_1)
     4    0.01    0.08    0.22    1.73 v _448_/X (sky130_fd_sc_hd__and3_1)
                                         _102_ (net)
                  0.08    0.00    1.73 v _450_/A (sky130_fd_sc_hd__nor3b_2)
     4    0.01    0.29    0.31    2.03 ^ _450_/Y (sky130_fd_sc_hd__nor3b_2)
                                         _104_ (net)
                  0.29    0.00    2.03 ^ _478_/A2 (sky130_fd_sc_hd__o211a_1)
     6    0.02    0.14    0.26    2.29 ^ _478_/X (sky130_fd_sc_hd__o211a_1)
                                         _132_ (net)
                  0.14    0.00    2.29 ^ _482_/A (sky130_fd_sc_hd__nor3_1)
     2    0.00    0.07    0.08    2.37 v _482_/Y (sky130_fd_sc_hd__nor3_1)
                                         _136_ (net)
                  0.07    0.00    2.37 v _524_/B1 (sky130_fd_sc_hd__a41o_1)
     2    0.01    0.06    0.23    2.60 v _524_/X (sky130_fd_sc_hd__a41o_1)
                                         _177_ (net)
                  0.06    0.00    2.60 v _554_/A2 (sky130_fd_sc_hd__a21o_1)
     4    0.01    0.07    0.22    2.83 v _554_/X (sky130_fd_sc_hd__a21o_1)
                                         _206_ (net)
                  0.07    0.00    2.83 v _663_/A1 (sky130_fd_sc_hd__a2111oi_1)
     2    0.01    0.42    0.42    3.24 ^ _663_/Y (sky130_fd_sc_hd__a2111oi_1)
                                         _311_ (net)
                  0.42    0.00    3.24 ^ _664_/C (sky130_fd_sc_hd__or3_1)
     4    0.01    0.10    0.21    3.45 ^ _664_/X (sky130_fd_sc_hd__or3_1)
                                         _312_ (net)
                  0.10    0.00    3.45 ^ _680_/B (sky130_fd_sc_hd__and2b_1)
     1    0.00    0.06    0.14    3.59 ^ _680_/X (sky130_fd_sc_hd__and2b_1)
                                         _327_ (net)
                  0.06    0.00    3.59 ^ _681_/B (sky130_fd_sc_hd__xnor2_1)
     1    0.00    0.11    0.10    3.70 ^ _681_/Y (sky130_fd_sc_hd__xnor2_1)
                                         _009_ (net)
                  0.11    0.00    3.70 ^ _749_/D (sky130_fd_sc_hd__dfrtp_1)
                                  3.70   data arrival time
-----------------------------------------------------------------------------
(Path is unconstrained)




===========================================================================
report_checks --slack_max -0.01
============================================================================
======================= Typical Corner ===================================

No paths found.


===========================================================================
 report_check_types -max_slew -max_cap -max_fanout -violators
============================================================================
======================= Typical Corner ===================================


max slew violations count Typical: 0
max fanout violations count Typical: 0
max cap violations count Typical: 0

===========================================================================
report_parasitic_annotation -report_unannotated
============================================================================
Found 457 unannotated drivers.
 a[0]
 a[1]
 a[2]
 a[3]
 a[4]
 a[5]
 a[6]
 a[7]
 b[0]
 b[1]
 b[2]
 b[3]
 b[4]
 b[5]
 b[6]
 b[7]
 clk
 reset
 _373_/X
 _374_/X
 _375_/X
 _376_/X
 _377_/X
 _378_/X
 _379_/Y
 _380_/X
 _381_/Y
 _382_/X
 _383_/Y
 _384_/X
 _385_/X
 _386_/X
 _387_/X
 _388_/Y
 _389_/Y
 _390_/X
 _391_/X
 _392_/X
 _393_/X
 _394_/Y
 _395_/X
 _396_/X
 _397_/Y
 _398_/Y
 _399_/Y
 _400_/X
 _401_/X
 _402_/X
 _403_/Y
 _404_/X
 _405_/Y
 _406_/X
 _407_/Y
 _408_/X
 _409_/X
 _410_/Y
 _411_/X
 _412_/Y
 _413_/Y
 _414_/X
 _415_/X
 _416_/Y
 _417_/X
 _418_/Y
 _419_/Y
 _420_/X
 _421_/X
 _422_/X
 _423_/Y
 _424_/X
 _425_/Y
 _426_/Y
 _427_/X
 _428_/Y
 _429_/Y
 _430_/X
 _431_/Y
 _432_/Y
 _433_/X
 _434_/X
 _435_/Y
 _436_/X
 _437_/Y
 _438_/Y
 _439_/X
 _440_/Y
 _441_/X
 _442_/X
 _443_/Y
 _444_/X
 _445_/Y
 _446_/Y
 _447_/X
 _448_/X
 _449_/Y
 _450_/Y
 _451_/X
 _452_/X
 _453_/X
 _454_/Y
 _455_/Y
 _456_/X
 _457_/Y
 _458_/X
 _459_/X
 _460_/X
 _461_/Y
 _462_/Y
 _463_/X
 _464_/X
 _465_/Y
 _466_/X
 _467_/Y
 _468_/Y
 _469_/Y
 _470_/X
 _471_/Y
 _472_/X
 _473_/X
 _474_/Y
 _475_/X
 _476_/Y
 _477_/X
 _478_/X
 _479_/Y
 _480_/Y
 _481_/Y
 _482_/Y
 _483_/X
 _484_/X
 _485_/Y
 _486_/X
 _487_/X
 _488_/Y
 _489_/X
 _490_/Y
 _491_/Y
 _492_/X
 _493_/X
 _494_/Y
 _495_/Y
 _496_/X
 _497_/Y
 _498_/Y
 _499_/Y
 _500_/Y
 _501_/X
 _502_/X
 _503_/Y
 _504_/Y
 _505_/X
 _506_/Y
 _507_/Y
 _508_/X
 _509_/Y
 _510_/X
 _511_/X
 _512_/Y
 _513_/X
 _514_/X
 _515_/Y
 _516_/X
 _517_/Y
 _518_/Y
 _519_/X
 _520_/Y
 _521_/X
 _522_/Y
 _523_/Y
 _524_/X
 _525_/X
 _526_/X
 _527_/Y
 _528_/X
 _529_/Y
 _530_/X
 _531_/Y
 _532_/Y
 _533_/X
 _534_/X
 _535_/X
 _536_/X
 _537_/Y
 _538_/Y
 _539_/X
 _540_/Y
 _541_/X
 _542_/X
 _543_/Y
 _544_/Y
 _545_/Y
 _546_/Y
 _547_/X
 _548_/Y
 _549_/Y
 _550_/X
 _551_/Y
 _552_/Y
 _553_/X
 _554_/X
 _555_/X
 _556_/X
 _557_/Y
 _558_/X
 _559_/X
 _560_/Y
 _561_/Y
 _562_/Y
 _563_/X
 _564_/Y
 _565_/X
 _566_/Y
 _567_/Y
 _568_/X
 _569_/X
 _570_/X
 _571_/Y
 _572_/X
 _573_/Y
 _574_/X
 _575_/Y
 _576_/Y
 _577_/Y
 _578_/Y
 _579_/X
 _580_/Y
 _581_/Y
 _582_/Y
 _583_/Y
 _584_/Y
 _585_/Y
 _586_/X
 _587_/Y
 _588_/Y
 _589_/X
 _590_/Y
 _591_/X
 _592_/Y
 _593_/Y
 _594_/X
 _595_/X
 _596_/Y
 _597_/X
 _598_/X
 _599_/Y
 _600_/Y
 _601_/X
 _602_/X
 _603_/X
 _604_/Y
 _605_/X
 _606_/Y
 _607_/X
 _608_/X
 _609_/Y
 _610_/X
 _611_/X
 _612_/Y
 _613_/Y
 _614_/Y
 _615_/Y
 _616_/Y
 _617_/X
 _618_/X
 _619_/Y
 _620_/Y
 _621_/Y
 _622_/Y
 _623_/X
 _624_/X
 _625_/Y
 _626_/Y
 _627_/X
 _628_/X
 _629_/Y
 _630_/X
 _631_/Y
 _632_/X
 _633_/Y
 _634_/X
 _635_/Y
 _636_/Y
 _637_/X
 _638_/X
 _639_/Y
 _640_/Y
 _641_/Y
 _642_/Y
 _643_/Y
 _644_/Y
 _645_/X
 _646_/Y
 _647_/X
 _648_/Y
 _649_/Y
 _650_/X
 _651_/X
 _652_/X
 _653_/Y
 _654_/Y
 _655_/X
 _656_/X
 _657_/Y
 _658_/X
 _659_/X
 _660_/X
 _661_/X
 _662_/Y
 _663_/Y
 _664_/X
 _665_/Y
 _666_/X
 _667_/X
 _668_/X
 _669_/X
 _670_/Y
 _671_/X
 _672_/Y
 _673_/Y
 _674_/X
 _675_/Y
 _676_/Y
 _677_/X
 _678_/Y
 _679_/X
 _680_/X
 _681_/Y
 _682_/X
 _683_/X
 _684_/Y
 _685_/X
 _686_/X
 _687_/Y
 _688_/Y
 _689_/Y
 _690_/Y
 _691_/X
 _692_/Y
 _693_/Y
 _694_/Y
 _695_/X
 _696_/X
 _697_/Y
 _698_/Y
 _699_/Y
 _700_/Y
 _701_/Y
 _702_/Y
 _703_/X
 _704_/X
 _705_/X
 _706_/X
 _707_/X
 _708_/X
 _709_/X
 _710_/X
 _711_/X
 _712_/X
 _713_/X
 _714_/X
 _715_/X
 _716_/X
 _717_/X
 _718_/X
 _719_/X
 _720_/X
 _721_/X
 _722_/X
 _723_/X
 _724_/X
 _725_/X
 _726_/X
 _727_/X
 _728_/X
 _729_/X
 _730_/X
 _731_/X
 _732_/X
 _733_/X
 _734_/X
 _735_/X
 _736_/Y
 _737_/Y
 _738_/Y
 _739_/Y
 _740_/Y
 _741_/Y
 _742_/Y
 _743_/Y
 _744_/Y
 _745_/Y
 _746_/Q
 _747_/Q
 _748_/Q
 _749_/Q
 _750_/Q
 _751_/Q
 _752_/Q
 _753_/Q
 _754_/Q
 _755_/Q
 _756_/Q
 _757_/Q
 _758_/Q
 _759_/Q
 _760_/Q
 _761_/Q
 _762_/Q
 _763_/Q
 _764_/Q
 _765_/Q
 _766_/Q
 _767_/Q
 _768_/Q
 _769_/Q
 _770_/Q
 _771_/Q
 _772_/Q
 _773_/Q
 _774_/Q
 _775_/Q
 _776_/Q
 _777_/Q
 input1/X
 input10/X
 input11/X
 input12/X
 input13/X
 input14/X
 input15/X
 input16/X
 input17/X
 input18/X
 input2/X
 input3/X
 input4/X
 input5/X
 input6/X
 input7/X
 input8/X
 input9/X
 output19/X
 output20/X
 output21/X
 output22/X
 output23/X
 output24/X
 output25/X
 output26/X
 output27/X
 output28/X
 output29/X
 output30/X
 output31/X
 output32/X
 output33/X
 output34/X
Found 0 partially unannotated drivers.

===========================================================================
max slew violation count 0
max fanout violation count 0
max cap violation count 0
============================================================================

===========================================================================
check_setup -verbose -unconstrained_endpoints -multiple_clock -no_clock -no_input_delay -loops -generated_clocks
===========================================================================
Warning: There are 18 input ports missing set_input_delay.
  a[0]
  a[1]
  a[2]
  a[3]
  a[4]
  a[5]
  a[6]
  a[7]
  b[0]
  b[1]
  b[2]
  b[3]
  b[4]
  b[5]
  b[6]
  b[7]
  clk
  reset
Warning: There are 32 unclocked register/latch pins.
  _746_/CLK
  _747_/CLK
  _748_/CLK
  _749_/CLK
  _750_/CLK
  _751_/CLK
  _752_/CLK
  _753_/CLK
  _754_/CLK
  _755_/CLK
  _756_/CLK
  _757_/CLK
  _758_/CLK
  _759_/CLK
  _760_/CLK
  _761_/CLK
  _762_/CLK
  _763_/CLK
  _764_/CLK
  _765_/CLK
  _766_/CLK
  _767_/CLK
  _768_/CLK
  _769_/CLK
  _770_/CLK
  _771_/CLK
  _772_/CLK
  _773_/CLK
  _774_/CLK
  _775_/CLK
  _776_/CLK
  _777_/CLK
Warning: There are 48 unconstrained endpoints.
  out[0]
  out[10]
  out[11]
  out[12]
  out[13]
  out[14]
  out[15]
  out[1]
  out[2]
  out[3]
  out[4]
  out[5]
  out[6]
  out[7]
  out[8]
  out[9]
  _746_/D
  _747_/D
  _748_/D
  _749_/D
  _750_/D
  _751_/D
  _752_/D
  _753_/D
  _754_/D
  _755_/D
  _756_/D
  _757_/D
  _758_/D
  _759_/D
  _760_/D
  _761_/D
  _762_/D
  _763_/D
  _764_/D
  _765_/D
  _766_/D
  _767_/D
  _768_/D
  _769_/D
  _770_/D
  _771_/D
  _772_/D
  _773_/D
  _774_/D
  _775_/D
  _776_/D
  _777_/D
checks_report_end
power_report

===========================================================================
 report_power
============================================================================
======================= Typical Corner ===================================

Group                  Internal  Switching    Leakage      Total
                          Power      Power      Power      Power (Watts)
----------------------------------------------------------------
Sequential             2.79e-13   1.12e-13   3.32e-10   3.33e-10  18.6%
Combinational          1.13e-12   1.08e-12   1.25e-09   1.25e-09  69.5%
Clock                  0.00e+00   0.00e+00   2.14e-10   2.14e-10  11.9%
Macro                  0.00e+00   0.00e+00   0.00e+00   0.00e+00   0.0%
Pad                    0.00e+00   0.00e+00   0.00e+00   0.00e+00   0.0%
----------------------------------------------------------------
Total                  1.41e-12   1.19e-12   1.79e-09   1.79e-09 100.0%
                           0.1%       0.1%      99.9%

power_report_end
skew_report

===========================================================================
report_clock_skew
============================================================================
Clock clk
No launch/capture paths found.

skew_report_end
summary_report

===========================================================================
report_tns
============================================================================
tns 0.00

===========================================================================
report_wns
============================================================================
wns 0.00

===========================================================================
report_worst_slack -max (Setup)
============================================================================
worst slack INF

===========================================================================
report_worst_slack -min (Hold)
============================================================================
worst slack INF
summary_report_end
area_report

===========================================================================
report_design_area
============================================================================
Design area 3448 u^2 43% utilization.
area_report_end
[WARNING] Did not save OpenROAD database!
Writing SDF to '/openlane/designs/pipelined_multiplier/runs/RUN_2024.05.27_20.56.28/results/signoff/pipelined_multiplier.sdf'…
