OpenROAD 0889970d1790a2617e69f253221b8bd7626e51dc 
This program is licensed under the BSD-3 license. See the LICENSE file for details.
Components of this program may be licensed under more restrictive licenses which must be honored.
[INFO]: Reading ODB at '/openlane/designs/pipelined_multiplier/runs/RUN_2024.05.27_20.56.28/results/floorplan/pipelined_multiplier.odb'…
define_corners Typical
read_liberty -corner Typical /home/satvik/.volare/sky130A/libs.ref/sky130_fd_sc_hd/lib/sky130_fd_sc_hd__tt_025C_1v80.lib
Using 1e-12 for capacitance...
Using 1e+03 for resistance...
Using 1e-09 for time...
Using 1e+00 for voltage...
Using 1e-03 for current...
Using 1e-09 for power...
Using 1e-06 for distance...
Reading design constraints file at '/openlane/designs/pipelined_multiplier/src/Pipelined_multiplier.sdc'…
[INFO]: Setting RC values...
[INFO]: Setting signal min routing layer to: met1 and clock min routing layer to met1. 
[INFO]: Setting signal max routing layer to: met5 and clock max routing layer to met5. 
[WARNING GPL-0150] -skip_io will disable timing driven mode.
[WARNING GPL-0151] -skip_io will disable routability driven mode.
[INFO GPL-0002] DBU: 1000
[INFO GPL-0003] SiteSize: 460 2720
[INFO GPL-0004] CoreAreaLxLy: 5520 10880
[INFO GPL-0005] CoreAreaUxUy: 95220 100640
[INFO GPL-0006] NumInstances: 576
[INFO GPL-0007] NumPlaceInstances: 405
[INFO GPL-0008] NumFixedInstances: 171
[INFO GPL-0009] NumDummyInstances: 0
[INFO GPL-0010] NumNets: 423
[INFO GPL-0011] NumPins: 1400
[INFO GPL-0012] DieAreaLxLy: 0 0
[INFO GPL-0013] DieAreaUxUy: 101095 111815
[INFO GPL-0014] CoreAreaLxLy: 5520 10880
[INFO GPL-0015] CoreAreaUxUy: 95220 100640
[INFO GPL-0016] CoreArea: 8051472000
[INFO GPL-0017] NonPlaceInstsArea: 379113600
[INFO GPL-0018] PlaceInstsArea: 4055139200
[INFO GPL-0019] Util(%): 52.85
[INFO GPL-0020] StdInstsArea: 4055139200
[INFO GPL-0021] MacroInstsArea: 0
[INFO GPL-0031] FillerInit: NumGCells: 462
[INFO GPL-0032] FillerInit: NumGNets: 423
[INFO GPL-0033] FillerInit: NumGPins: 1400
[INFO GPL-0023] TargetDensity: 0.60
[INFO GPL-0024] AveragePlaceInstArea: 10012689
[INFO GPL-0025] IdealBinArea: 16687814
[INFO GPL-0026] IdealBinCnt: 482
[INFO GPL-0027] TotalBinArea: 8051472000
[INFO GPL-0028] BinCnt: 16 16
[INFO GPL-0029] BinSize: 5607 5610
[INFO GPL-0030] NumBins: 256
[NesterovSolve] Iter: 1 overflow: 0.980389 HPWL: 1019533
[NesterovSolve] Iter: 10 overflow: 0.963142 HPWL: 657658
[NesterovSolve] Iter: 20 overflow: 0.963142 HPWL: 646005
[NesterovSolve] Iter: 30 overflow: 0.963142 HPWL: 645566
[NesterovSolve] Iter: 40 overflow: 0.963142 HPWL: 646189
[NesterovSolve] Iter: 50 overflow: 0.963142 HPWL: 646044
[NesterovSolve] Iter: 60 overflow: 0.963142 HPWL: 645446
[NesterovSolve] Iter: 70 overflow: 0.963142 HPWL: 645095
[NesterovSolve] Iter: 80 overflow: 0.963142 HPWL: 644501
[NesterovSolve] Iter: 90 overflow: 0.963142 HPWL: 644006
[NesterovSolve] Iter: 100 overflow: 0.96304 HPWL: 644305
[NesterovSolve] Iter: 110 overflow: 0.962199 HPWL: 645051
[NesterovSolve] Iter: 120 overflow: 0.958764 HPWL: 650400
[NesterovSolve] Iter: 130 overflow: 0.953819 HPWL: 670390
[NesterovSolve] Iter: 140 overflow: 0.951911 HPWL: 740455
[NesterovSolve] Iter: 150 overflow: 0.921308 HPWL: 913128
[NesterovSolve] Iter: 160 overflow: 0.890656 HPWL: 1216337
[NesterovSolve] Iter: 170 overflow: 0.852472 HPWL: 1522591
[NesterovSolve] Iter: 180 overflow: 0.819963 HPWL: 1696306
[NesterovSolve] Iter: 190 overflow: 0.783329 HPWL: 1949791
[NesterovSolve] Iter: 200 overflow: 0.750785 HPWL: 2234115
[NesterovSolve] Iter: 210 overflow: 0.704375 HPWL: 2485755
[NesterovSolve] Iter: 220 overflow: 0.660769 HPWL: 2759673
[NesterovSolve] Iter: 230 overflow: 0.616077 HPWL: 3044687
[NesterovSolve] Iter: 240 overflow: 0.565738 HPWL: 3288847
[NesterovSolve] Iter: 250 overflow: 0.510626 HPWL: 3539473
[NesterovSolve] Iter: 260 overflow: 0.457143 HPWL: 3763705
[NesterovSolve] Iter: 270 overflow: 0.399714 HPWL: 3938600
[NesterovSolve] Iter: 280 overflow: 0.346969 HPWL: 4124152
[NesterovSolve] Iter: 290 overflow: 0.299828 HPWL: 4204432
[NesterovSolve] Iter: 300 overflow: 0.244446 HPWL: 4312332
[NesterovSolve] Iter: 310 overflow: 0.205896 HPWL: 4341240
[NesterovSolve] Iter: 320 overflow: 0.189623 HPWL: 4407076
[NesterovSolve] Iter: 330 overflow: 0.161653 HPWL: 4435491
[NesterovSolve] Iter: 340 overflow: 0.128777 HPWL: 4477278
[NesterovSolve] Iter: 350 overflow: 0.114064 HPWL: 4512296
[NesterovSolve] Finished with Overflow: 0.098317
Setting global connections for newly added cells…
Writing OpenROAD database to '/openlane/designs/pipelined_multiplier/runs/RUN_2024.05.27_20.56.28/tmp/placement/7-global_skip_io.odb'…
Writing netlist to '/openlane/designs/pipelined_multiplier/runs/RUN_2024.05.27_20.56.28/tmp/placement/7-global_skip_io.nl.v'…
Writing powered netlist to '/openlane/designs/pipelined_multiplier/runs/RUN_2024.05.27_20.56.28/tmp/placement/7-global_skip_io.pnl.v'…
Writing layout to '/openlane/designs/pipelined_multiplier/runs/RUN_2024.05.27_20.56.28/tmp/placement/7-global_skip_io.def'…
