OpenROAD 0889970d1790a2617e69f253221b8bd7626e51dc 
This program is licensed under the BSD-3 license. See the LICENSE file for details.
Components of this program may be licensed under more restrictive licenses which must be honored.
[INFO]: Reading ODB at '/openlane/designs/pipelined_multiplier/runs/RUN_2024.05.27_20.56.28/results/routing/pipelined_multiplier.odb'…
define_corners Typical
read_liberty -corner Typical /home/satvik/.volare/sky130A/libs.ref/sky130_fd_sc_hd/lib/sky130_fd_sc_hd__tt_025C_1v80.lib
[INFO] Setting operating conditions to 'tt_025C_1v80'…
Using 1e-12 for capacitance...
Using 1e+03 for resistance...
Using 1e-09 for time...
Using 1e+00 for voltage...
Using 1e-03 for current...
Using 1e-09 for power...
Using 1e-06 for distance...
Reading design constraints file at '/openlane/designs/pipelined_multiplier/src/Pipelined_multiplier.sdc'…
[INFO]: Setting RC values...
[INFO PSM-0022] Using 1.800V for VPWR
[INFO PSM-0076] Setting metal node density to be standard cell height times 5.
[INFO PSM-0031] Number of PDN nodes on net VPWR = 677.
[INFO PSM-0064] Number of voltage sources = 36.
[INFO PSM-0040] All PDN stripes on net VPWR are connected.
########## IR report #################
Corner: Typical
Worstcase voltage: 1.80e+00 V
Average IR drop  : 6.93e-11 V
Worstcase IR drop: 2.21e-10 V
######################################
[INFO PSM-0022] Using 0.000V for VGND
[INFO PSM-0076] Setting metal node density to be standard cell height times 5.
[INFO PSM-0031] Number of PDN nodes on net VGND = 694.
[INFO PSM-0064] Number of voltage sources = 36.
[INFO PSM-0040] All PDN stripes on net VGND are connected.
########## IR report #################
Corner: Typical
Worstcase voltage: 2.69e-10 V
Average IR drop  : 7.36e-11 V
Worstcase IR drop: 2.69e-10 V
######################################
