
===========================================================================
report_checks -unconstrained
===========================================================================
======================= Fastest Corner ===================================

Startpoint: _765_ (rising edge-triggered flip-flop)
Endpoint: _749_ (rising edge-triggered flip-flop)
Path Group: unconstrained
Path Type: max
Corner: Fastest

Fanout     Cap    Slew   Delay    Time   Description
-----------------------------------------------------------------------------
                  0.13    0.00    0.00 ^ _765_/CLK (sky130_fd_sc_hd__dfxtp_1)
     5    0.01    0.05    0.24    0.24 v _765_/Q (sky130_fd_sc_hd__dfxtp_1)
                                         temp_a[5] (net)
                  0.05    0.00    0.24 v _433_/A (sky130_fd_sc_hd__clkbuf_4)
    10    0.04    0.07    0.14    0.38 v _433_/X (sky130_fd_sc_hd__clkbuf_4)
                                         _087_ (net)
                  0.07    0.00    0.38 v _434_/D (sky130_fd_sc_hd__and4_1)
     3    0.01    0.04    0.15    0.54 v _434_/X (sky130_fd_sc_hd__and4_1)
                                         _088_ (net)
                  0.04    0.00    0.54 v _436_/B (sky130_fd_sc_hd__or3_1)
     2    0.01    0.05    0.21    0.75 v _436_/X (sky130_fd_sc_hd__or3_1)
                                         _090_ (net)
                  0.05    0.00    0.75 v _439_/A1 (sky130_fd_sc_hd__a21o_1)
     3    0.01    0.05    0.13    0.88 v _439_/X (sky130_fd_sc_hd__a21o_1)
                                         _093_ (net)
                  0.05    0.00    0.88 v _447_/A2 (sky130_fd_sc_hd__a21o_1)
     2    0.01    0.03    0.12    1.00 v _447_/X (sky130_fd_sc_hd__a21o_1)
                                         _101_ (net)
                  0.03    0.00    1.00 v _448_/C (sky130_fd_sc_hd__and3_2)
     4    0.02    0.05    0.16    1.16 v _448_/X (sky130_fd_sc_hd__and3_2)
                                         _102_ (net)
                  0.05    0.00    1.16 v _450_/A (sky130_fd_sc_hd__nor3b_2)
     4    0.02    0.22    0.22    1.38 ^ _450_/Y (sky130_fd_sc_hd__nor3b_2)
                                         _104_ (net)
                  0.22    0.00    1.38 ^ _478_/A2 (sky130_fd_sc_hd__o211a_2)
     6    0.02    0.09    0.16    1.54 ^ _478_/X (sky130_fd_sc_hd__o211a_2)
                                         _132_ (net)
                  0.09    0.00    1.55 ^ _523_/A (sky130_fd_sc_hd__nor2_1)
     1    0.00    0.04    0.03    1.58 v _523_/Y (sky130_fd_sc_hd__nor2_1)
                                         _176_ (net)
                  0.04    0.00    1.58 v _524_/A2 (sky130_fd_sc_hd__a41o_1)
     2    0.01    0.05    0.15    1.73 v _524_/X (sky130_fd_sc_hd__a41o_1)
                                         _177_ (net)
                  0.05    0.00    1.73 v _554_/A2 (sky130_fd_sc_hd__a21o_1)
     4    0.01    0.06    0.15    1.89 v _554_/X (sky130_fd_sc_hd__a21o_1)
                                         _206_ (net)
                  0.06    0.00    1.89 v _663_/A1 (sky130_fd_sc_hd__a2111oi_1)
     2    0.01    0.32    0.30    2.19 ^ _663_/Y (sky130_fd_sc_hd__a2111oi_1)
                                         _311_ (net)
                  0.32    0.00    2.19 ^ _664_/C (sky130_fd_sc_hd__or3_1)
     4    0.01    0.08    0.13    2.32 ^ _664_/X (sky130_fd_sc_hd__or3_1)
                                         _312_ (net)
                  0.08    0.00    2.32 ^ _680_/B (sky130_fd_sc_hd__and2b_1)
     1    0.00    0.04    0.09    2.41 ^ _680_/X (sky130_fd_sc_hd__and2b_1)
                                         _327_ (net)
                  0.04    0.00    2.41 ^ _681_/B (sky130_fd_sc_hd__xnor2_1)
     1    0.00    0.08    0.07    2.47 ^ _681_/Y (sky130_fd_sc_hd__xnor2_1)
                                         _009_ (net)
                  0.08    0.00    2.47 ^ _749_/D (sky130_fd_sc_hd__dfrtp_1)
                                  2.47   data arrival time
-----------------------------------------------------------------------------
(Path is unconstrained)



======================= Slowest Corner ===================================

Startpoint: _765_ (rising edge-triggered flip-flop)
Endpoint: _749_ (rising edge-triggered flip-flop)
Path Group: unconstrained
Path Type: max
Corner: Slowest

Fanout     Cap    Slew   Delay    Time   Description
-----------------------------------------------------------------------------
                  0.26    0.00    0.00 ^ _765_/CLK (sky130_fd_sc_hd__dfxtp_1)
     5    0.01    0.13    0.74    0.74 v _765_/Q (sky130_fd_sc_hd__dfxtp_1)
                                         temp_a[5] (net)
                  0.13    0.00    0.74 v _433_/A (sky130_fd_sc_hd__clkbuf_4)
    10    0.04    0.17    0.37    1.11 v _433_/X (sky130_fd_sc_hd__clkbuf_4)
                                         _087_ (net)
                  0.17    0.00    1.12 v _434_/D (sky130_fd_sc_hd__and4_1)
     3    0.01    0.10    0.48    1.60 v _434_/X (sky130_fd_sc_hd__and4_1)
                                         _088_ (net)
                  0.10    0.00    1.60 v _436_/B (sky130_fd_sc_hd__or3_1)
     2    0.01    0.17    0.85    2.45 v _436_/X (sky130_fd_sc_hd__or3_1)
                                         _090_ (net)
                  0.17    0.00    2.45 v _439_/A1 (sky130_fd_sc_hd__a21o_1)
     3    0.01    0.12    0.39    2.84 v _439_/X (sky130_fd_sc_hd__a21o_1)
                                         _093_ (net)
                  0.12    0.00    2.84 v _447_/A2 (sky130_fd_sc_hd__a21o_1)
     2    0.00    0.08    0.36    3.20 v _447_/X (sky130_fd_sc_hd__a21o_1)
                                         _101_ (net)
                  0.08    0.00    3.20 v _448_/C (sky130_fd_sc_hd__and3_2)
     4    0.02    0.14    0.52    3.72 v _448_/X (sky130_fd_sc_hd__and3_2)
                                         _102_ (net)
                  0.14    0.00    3.72 v _450_/A (sky130_fd_sc_hd__nor3b_2)
     4    0.02    0.49    0.55    4.27 ^ _450_/Y (sky130_fd_sc_hd__nor3b_2)
                                         _104_ (net)
                  0.49    0.00    4.27 ^ _478_/A2 (sky130_fd_sc_hd__o211a_2)
     6    0.02    0.20    0.61    4.88 ^ _478_/X (sky130_fd_sc_hd__o211a_2)
                                         _132_ (net)
                  0.20    0.00    4.88 ^ _482_/A (sky130_fd_sc_hd__nor3_1)
     2    0.01    0.11    0.17    5.05 v _482_/Y (sky130_fd_sc_hd__nor3_1)
                                         _136_ (net)
                  0.11    0.00    5.05 v _524_/B1 (sky130_fd_sc_hd__a41o_1)
     2    0.01    0.12    0.43    5.48 v _524_/X (sky130_fd_sc_hd__a41o_1)
                                         _177_ (net)
                  0.12    0.00    5.48 v _554_/A2 (sky130_fd_sc_hd__a21o_1)
     4    0.02    0.15    0.43    5.91 v _554_/X (sky130_fd_sc_hd__a21o_1)
                                         _206_ (net)
                  0.15    0.00    5.91 v _663_/A1 (sky130_fd_sc_hd__a2111oi_1)
     2    0.01    0.79    0.84    6.75 ^ _663_/Y (sky130_fd_sc_hd__a2111oi_1)
                                         _311_ (net)
                  0.79    0.00    6.75 ^ _664_/C (sky130_fd_sc_hd__or3_1)
     4    0.01    0.17    0.49    7.24 ^ _664_/X (sky130_fd_sc_hd__or3_1)
                                         _312_ (net)
                  0.17    0.00    7.24 ^ _680_/B (sky130_fd_sc_hd__and2b_1)
     1    0.00    0.10    0.29    7.52 ^ _680_/X (sky130_fd_sc_hd__and2b_1)
                                         _327_ (net)
                  0.10    0.00    7.52 ^ _681_/B (sky130_fd_sc_hd__xnor2_1)
     1    0.00    0.18    0.20    7.72 ^ _681_/Y (sky130_fd_sc_hd__xnor2_1)
                                         _009_ (net)
                  0.18    0.00    7.72 ^ _749_/D (sky130_fd_sc_hd__dfrtp_1)
                                  7.72   data arrival time
-----------------------------------------------------------------------------
(Path is unconstrained)



======================= Typical Corner ===================================

Startpoint: _765_ (rising edge-triggered flip-flop)
Endpoint: _749_ (rising edge-triggered flip-flop)
Path Group: unconstrained
Path Type: max
Corner: Typical

Fanout     Cap    Slew   Delay    Time   Description
-----------------------------------------------------------------------------
                  0.17    0.00    0.00 ^ _765_/CLK (sky130_fd_sc_hd__dfxtp_1)
     5    0.01    0.07    0.38    0.38 v _765_/Q (sky130_fd_sc_hd__dfxtp_1)
                                         temp_a[5] (net)
                  0.07    0.00    0.38 v _433_/A (sky130_fd_sc_hd__clkbuf_4)
    10    0.04    0.10    0.21    0.58 v _433_/X (sky130_fd_sc_hd__clkbuf_4)
                                         _087_ (net)
                  0.10    0.00    0.59 v _434_/D (sky130_fd_sc_hd__and4_1)
     3    0.01    0.05    0.24    0.82 v _434_/X (sky130_fd_sc_hd__and4_1)
                                         _088_ (net)
                  0.05    0.00    0.82 v _436_/B (sky130_fd_sc_hd__or3_1)
     2    0.01    0.08    0.37    1.19 v _436_/X (sky130_fd_sc_hd__or3_1)
                                         _090_ (net)
                  0.08    0.00    1.19 v _439_/A1 (sky130_fd_sc_hd__a21o_1)
     3    0.01    0.07    0.20    1.39 v _439_/X (sky130_fd_sc_hd__a21o_1)
                                         _093_ (net)
                  0.07    0.00    1.39 v _447_/A2 (sky130_fd_sc_hd__a21o_1)
     2    0.00    0.04    0.19    1.58 v _447_/X (sky130_fd_sc_hd__a21o_1)
                                         _101_ (net)
                  0.04    0.00    1.58 v _448_/C (sky130_fd_sc_hd__and3_2)
     4    0.02    0.07    0.24    1.82 v _448_/X (sky130_fd_sc_hd__and3_2)
                                         _102_ (net)
                  0.07    0.00    1.82 v _450_/A (sky130_fd_sc_hd__nor3b_2)
     4    0.02    0.30    0.32    2.14 ^ _450_/Y (sky130_fd_sc_hd__nor3b_2)
                                         _104_ (net)
                  0.30    0.00    2.14 ^ _478_/A2 (sky130_fd_sc_hd__o211a_2)
     6    0.02    0.12    0.28    2.42 ^ _478_/X (sky130_fd_sc_hd__o211a_2)
                                         _132_ (net)
                  0.12    0.00    2.43 ^ _482_/A (sky130_fd_sc_hd__nor3_1)
     2    0.01    0.07    0.08    2.51 v _482_/Y (sky130_fd_sc_hd__nor3_1)
                                         _136_ (net)
                  0.07    0.00    2.51 v _524_/B1 (sky130_fd_sc_hd__a41o_1)
     2    0.01    0.06    0.24    2.75 v _524_/X (sky130_fd_sc_hd__a41o_1)
                                         _177_ (net)
                  0.06    0.00    2.75 v _554_/A2 (sky130_fd_sc_hd__a21o_1)
     4    0.01    0.08    0.23    2.98 v _554_/X (sky130_fd_sc_hd__a21o_1)
                                         _206_ (net)
                  0.08    0.00    2.98 v _663_/A1 (sky130_fd_sc_hd__a2111oi_1)
     2    0.01    0.46    0.46    3.44 ^ _663_/Y (sky130_fd_sc_hd__a2111oi_1)
                                         _311_ (net)
                  0.46    0.00    3.44 ^ _664_/C (sky130_fd_sc_hd__or3_1)
     4    0.01    0.11    0.23    3.67 ^ _664_/X (sky130_fd_sc_hd__or3_1)
                                         _312_ (net)
                  0.11    0.00    3.67 ^ _680_/B (sky130_fd_sc_hd__and2b_1)
     1    0.00    0.06    0.14    3.81 ^ _680_/X (sky130_fd_sc_hd__and2b_1)
                                         _327_ (net)
                  0.06    0.00    3.81 ^ _681_/B (sky130_fd_sc_hd__xnor2_1)
     1    0.00    0.11    0.11    3.92 ^ _681_/Y (sky130_fd_sc_hd__xnor2_1)
                                         _009_ (net)
                  0.11    0.00    3.92 ^ _749_/D (sky130_fd_sc_hd__dfrtp_1)
                                  3.92   data arrival time
-----------------------------------------------------------------------------
(Path is unconstrained)




===========================================================================
report_checks --slack_max -0.01
============================================================================
======================= Fastest Corner ===================================

No paths found.

======================= Slowest Corner ===================================

No paths found.

======================= Typical Corner ===================================

No paths found.


===========================================================================
 report_check_types -max_slew -max_cap -max_fanout -violators
============================================================================
======================= Fastest Corner ===================================


max slew violations count Fastest: 0
max fanout violations count Fastest: 0
max cap violations count Fastest: 0
======================= Slowest Corner ===================================


max slew violations count Slowest: 0
max fanout violations count Slowest: 0
max cap violations count Slowest: 0
======================= Typical Corner ===================================


max slew violations count Typical: 0
max fanout violations count Typical: 0
max cap violations count Typical: 0

===========================================================================
report_parasitic_annotation -report_unannotated
============================================================================
Found 0 unannotated drivers.
Found 0 partially unannotated drivers.

===========================================================================
max slew violation count 0
max fanout violation count 0
max cap violation count 0
============================================================================

===========================================================================
check_setup -verbose -unconstrained_endpoints -multiple_clock -no_clock -no_input_delay -loops -generated_clocks
===========================================================================
Warning: There are 18 input ports missing set_input_delay.
  a[0]
  a[1]
  a[2]
  a[3]
  a[4]
  a[5]
  a[6]
  a[7]
  b[0]
  b[1]
  b[2]
  b[3]
  b[4]
  b[5]
  b[6]
  b[7]
  clk
  reset
Warning: There are 32 unclocked register/latch pins.
  _746_/CLK
  _747_/CLK
  _748_/CLK
  _749_/CLK
  _750_/CLK
  _751_/CLK
  _752_/CLK
  _753_/CLK
  _754_/CLK
  _755_/CLK
  _756_/CLK
  _757_/CLK
  _758_/CLK
  _759_/CLK
  _760_/CLK
  _761_/CLK
  _762_/CLK
  _763_/CLK
  _764_/CLK
  _765_/CLK
  _766_/CLK
  _767_/CLK
  _768_/CLK
  _769_/CLK
  _770_/CLK
  _771_/CLK
  _772_/CLK
  _773_/CLK
  _774_/CLK
  _775_/CLK
  _776_/CLK
  _777_/CLK
Warning: There are 48 unconstrained endpoints.
  out[0]
  out[10]
  out[11]
  out[12]
  out[13]
  out[14]
  out[15]
  out[1]
  out[2]
  out[3]
  out[4]
  out[5]
  out[6]
  out[7]
  out[8]
  out[9]
  _746_/D
  _747_/D
  _748_/D
  _749_/D
  _750_/D
  _751_/D
  _752_/D
  _753_/D
  _754_/D
  _755_/D
  _756_/D
  _757_/D
  _758_/D
  _759_/D
  _760_/D
  _761_/D
  _762_/D
  _763_/D
  _764_/D
  _765_/D
  _766_/D
  _767_/D
  _768_/D
  _769_/D
  _770_/D
  _771_/D
  _772_/D
  _773_/D
  _774_/D
  _775_/D
  _776_/D
  _777_/D
