Instance name, X location, Y location, Voltage
output28, 84.005, 100.64, 1.8
FILLER_0_32_160, 84.005, 100.64, 1.8
_738_, 84.005, 95.2, 1.8
FILLER_0_31_164, 84.005, 95.2, 1.8
FILLER_0_31_181, 84.005, 95.2, 1.8
FILLER_0_32_181, 84.005, 95.2, 1.8
_739_, 84.005, 89.76, 1.8
FILLER_0_29_181, 84.005, 89.76, 1.8
_740_, 84.005, 84.32, 1.8
FILLER_0_26_161, 84.005, 84.32, 1.8
FILLER_0_26_169, 84.005, 84.32, 1.8
_741_, 84.005, 78.88, 1.8
_742_, 84.005, 78.88, 1.8
_773_, 84.005, 78.88, 1.8
_774_, 84.005, 78.88, 1.8
FILLER_0_25_161, 84.005, 78.88, 1.8
FILLER_0_26_178, 84.005, 78.88, 1.8
_775_, 84.005, 73.44, 1.8
FILLER_0_23_165, 84.005, 73.44, 1.8
FILLER_0_23_181, 84.005, 73.44, 1.8
_743_, 84.005, 68, 1.8
FILLER_0_21_165, 84.005, 68, 1.8
FILLER_0_21_169, 84.005, 68, 1.8
FILLER_0_22_182, 84.005, 68, 1.8
_776_, 84.005, 62.56, 1.8
FILLER_0_19_165, 84.005, 62.56, 1.8
_588_, 84.005, 57.12, 1.8
_696_, 84.005, 57.12, 1.8
_744_, 84.005, 57.12, 1.8
_777_, 84.005, 57.12, 1.8
FILLER_0_17_161, 84.005, 57.12, 1.8
FILLER_0_17_169, 84.005, 57.12, 1.8
FILLER_0_17_181, 84.005, 57.12, 1.8
FILLER_0_18_173, 84.005, 57.12, 1.8
FILLER_0_18_181, 84.005, 57.12, 1.8
_585_, 84.005, 51.68, 1.8
_745_, 84.005, 51.68, 1.8
FILLER_0_15_163, 84.005, 51.68, 1.8
FILLER_0_15_169, 84.005, 51.68, 1.8
FILLER_0_15_182, 84.005, 51.68, 1.8
_616_, 84.005, 46.24, 1.8
_620_, 84.005, 46.24, 1.8
_746_, 84.005, 46.24, 1.8
_697_, 84.005, 40.8, 1.8
_747_, 84.005, 40.8, 1.8
FILLER_0_11_164, 84.005, 40.8, 1.8
FILLER_0_11_181, 84.005, 40.8, 1.8
FILLER_0_12_177, 84.005, 40.8, 1.8
_666_, 84.005, 35.36, 1.8
_667_, 84.005, 35.36, 1.8
_698_, 84.005, 35.36, 1.8
FILLER_0_9_161, 84.005, 35.36, 1.8
FILLER_0_9_169, 84.005, 35.36, 1.8
FILLER_0_9_181, 84.005, 35.36, 1.8
_748_, 84.005, 29.92, 1.8
FILLER_0_6_168, 84.005, 29.92, 1.8
_699_, 84.005, 24.48, 1.8
_749_, 84.005, 24.48, 1.8
FILLER_0_4_167, 84.005, 24.48, 1.8
FILLER_0_5_164, 84.005, 24.48, 1.8
FILLER_0_6_180, 84.005, 24.48, 1.8
_700_, 84.005, 19.04, 1.8
_750_, 84.005, 19.04, 1.8
FILLER_0_3_162, 84.005, 19.04, 1.8
FILLER_0_3_181, 84.005, 19.04, 1.8
FILLER_0_4_175, 84.005, 19.04, 1.8
FILLER_0_4_181, 84.005, 19.04, 1.8
output25, 84.005, 13.6, 1.8
FILLER_0_0_161, 84.005, 13.6, 1.8
FILLER_0_0_181, 84.005, 13.6, 1.8
FILLER_0_1_163, 84.005, 13.6, 1.8
FILLER_0_1_181, 84.005, 13.6, 1.8
_376_, 61.58, 95.2, 1.8
_768_, 61.58, 95.2, 1.8
_769_, 61.58, 95.2, 1.8
FILLER_0_31_113, 61.58, 95.2, 1.8
FILLER_0_32_125, 61.58, 95.2, 1.8
FILLER_0_32_133, 61.58, 95.2, 1.8
_381_, 61.58, 89.76, 1.8
_389_, 61.58, 89.76, 1.8
_390_, 61.58, 89.76, 1.8
_404_, 61.58, 89.76, 1.8
_406_, 61.58, 89.76, 1.8
FILLER_0_29_126, 61.58, 89.76, 1.8
_405_, 61.58, 84.32, 1.8
_424_, 61.58, 84.32, 1.8
_425_, 61.58, 84.32, 1.8
_426_, 61.58, 84.32, 1.8
FILLER_0_28_134, 61.58, 84.32, 1.8
_450_, 61.58, 78.88, 1.8
_479_, 61.58, 78.88, 1.8
_481_, 61.58, 78.88, 1.8
_485_, 61.58, 78.88, 1.8
_486_, 61.58, 78.88, 1.8
FILLER_0_25_113, 61.58, 78.88, 1.8
FILLER_0_25_134, 61.58, 78.88, 1.8
_478_, 61.58, 73.44, 1.8
_480_, 61.58, 73.44, 1.8
FILLER_0_24_130, 61.58, 73.44, 1.8
_476_, 61.58, 68, 1.8
_477_, 61.58, 68, 1.8
_517_, 61.58, 68, 1.8
_518_, 61.58, 68, 1.8
_519_, 61.58, 68, 1.8
FILLER_0_22_133, 61.58, 68, 1.8
_514_, 61.58, 62.56, 1.8
_515_, 61.58, 62.56, 1.8
_516_, 61.58, 62.56, 1.8
_548_, 61.58, 62.56, 1.8
_551_, 61.58, 62.56, 1.8
FILLER_0_18_112, 61.58, 62.56, 1.8
FILLER_0_20_128, 61.58, 62.56, 1.8
_547_, 61.58, 57.12, 1.8
_549_, 61.58, 57.12, 1.8
_556_, 61.58, 57.12, 1.8
FILLER_0_17_113, 61.58, 57.12, 1.8
FILLER_0_17_121, 61.58, 57.12, 1.8
FILLER_0_18_134, 61.58, 57.12, 1.8
_579_, 61.58, 51.68, 1.8
_580_, 61.58, 51.68, 1.8
_581_, 61.58, 51.68, 1.8
FILLER_0_16_131, 61.58, 51.68, 1.8
_589_, 61.58, 46.24, 1.8
FILLER_0_13_113, 61.58, 46.24, 1.8
FILLER_0_13_121, 61.58, 46.24, 1.8
FILLER_0_13_130, 61.58, 46.24, 1.8
FILLER_0_14_128, 61.58, 46.24, 1.8
_609_, 61.58, 40.8, 1.8
_610_, 61.58, 40.8, 1.8
_611_, 61.58, 40.8, 1.8
_612_, 61.58, 40.8, 1.8
_621_, 61.58, 40.8, 1.8
FILLER_0_11_113, 61.58, 40.8, 1.8
FILLER_0_11_121, 61.58, 40.8, 1.8
FILLER_0_11_129, 61.58, 40.8, 1.8
_639_, 61.58, 35.36, 1.8
_640_, 61.58, 35.36, 1.8
FILLER_0_9_125, 61.58, 35.36, 1.8
FILLER_0_10_130, 61.58, 35.36, 1.8
_647_, 61.58, 29.92, 1.8
_659_, 61.58, 29.92, 1.8
_660_, 61.58, 29.92, 1.8
FILLER_0_6_120, 61.58, 29.92, 1.8
_655_, 61.58, 24.48, 1.8
_656_, 61.58, 24.48, 1.8
_657_, 61.58, 24.48, 1.8
FILLER_0_5_113, 61.58, 24.48, 1.8
FILLER_0_6_132, 61.58, 24.48, 1.8
_652_, 61.58, 19.04, 1.8
_653_, 61.58, 19.04, 1.8
_654_, 61.58, 19.04, 1.8
_668_, 61.58, 19.04, 1.8
_671_, 61.58, 19.04, 1.8
_684_, 61.58, 19.04, 1.8
FILLER_0_3_120, 61.58, 19.04, 1.8
_672_, 61.58, 13.6, 1.8
_673_, 61.58, 13.6, 1.8
_675_, 61.58, 13.6, 1.8
_682_, 61.58, 13.6, 1.8
_685_, 61.58, 13.6, 1.8
FILLER_0_1_113, 61.58, 13.6, 1.8
FILLER_0_1_120, 61.58, 13.6, 1.8
FILLER_0_1_126, 61.58, 13.6, 1.8
input2, 39.155, 100.64, 1.8
FILLER_0_32_69, 39.155, 100.64, 1.8
_377_, 39.155, 95.2, 1.8
_721_, 39.155, 95.2, 1.8
_760_, 39.155, 95.2, 1.8
input1, 39.155, 95.2, 1.8
FILLER_0_32_77, 39.155, 95.2, 1.8
_385_, 39.155, 89.76, 1.8
_387_, 39.155, 89.76, 1.8
_394_, 39.155, 89.76, 1.8
_400_, 39.155, 89.76, 1.8
_720_, 39.155, 89.76, 1.8
FILLER_0_28_69, 39.155, 89.76, 1.8
FILLER_0_29_68, 39.155, 89.76, 1.8
_386_, 39.155, 84.32, 1.8
_398_, 39.155, 84.32, 1.8
_420_, 39.155, 84.32, 1.8
_430_, 39.155, 78.88, 1.8
_443_, 39.155, 78.88, 1.8
_446_, 39.155, 78.88, 1.8
FILLER_0_25_80, 39.155, 78.88, 1.8
FILLER_0_26_80, 39.155, 78.88, 1.8
_440_, 39.155, 73.44, 1.8
_444_, 39.155, 73.44, 1.8
_445_, 39.155, 73.44, 1.8
_447_, 39.155, 73.44, 1.8
_448_, 39.155, 73.44, 1.8
_473_, 39.155, 73.44, 1.8
FILLER_0_22_62, 39.155, 73.44, 1.8
_442_, 39.155, 68, 1.8
_472_, 39.155, 68, 1.8
_474_, 39.155, 68, 1.8
_475_, 39.155, 68, 1.8
FILLER_0_20_62, 39.155, 68, 1.8
FILLER_0_21_84, 39.155, 68, 1.8
FILLER_0_22_81, 39.155, 68, 1.8
_457_, 39.155, 62.56, 1.8
_471_, 39.155, 62.56, 1.8
_511_, 39.155, 62.56, 1.8
_513_, 39.155, 62.56, 1.8
FILLER_0_19_67, 39.155, 62.56, 1.8
FILLER_0_20_80, 39.155, 62.56, 1.8
_456_, 39.155, 57.12, 1.8
_509_, 39.155, 57.12, 1.8
_510_, 39.155, 57.12, 1.8
_512_, 39.155, 57.12, 1.8
FILLER_0_16_62, 39.155, 57.12, 1.8
FILLER_0_17_69, 39.155, 57.12, 1.8
FILLER_0_18_81, 39.155, 57.12, 1.8
FILLER_0_18_85, 39.155, 57.12, 1.8
_545_, 39.155, 51.68, 1.8
_546_, 39.155, 51.68, 1.8
_578_, 39.155, 51.68, 1.8
FILLER_0_15_73, 39.155, 51.68, 1.8
FILLER_0_16_77, 39.155, 51.68, 1.8
FILLER_0_16_85, 39.155, 51.68, 1.8
_544_, 39.155, 46.24, 1.8
_575_, 39.155, 46.24, 1.8
FILLER_0_14_81, 39.155, 46.24, 1.8
_576_, 39.155, 40.8, 1.8
_592_, 39.155, 40.8, 1.8
FILLER_0_11_84, 39.155, 40.8, 1.8
FILLER_0_12_81, 39.155, 40.8, 1.8
_566_, 39.155, 35.36, 1.8
_571_, 39.155, 35.36, 1.8
_573_, 39.155, 35.36, 1.8
_596_, 39.155, 35.36, 1.8
_606_, 39.155, 35.36, 1.8
_607_, 39.155, 35.36, 1.8
FILLER_0_8_67, 39.155, 35.36, 1.8
FILLER_0_9_76, 39.155, 35.36, 1.8
FILLER_0_10_85, 39.155, 35.36, 1.8
_595_, 39.155, 29.92, 1.8
_637_, 39.155, 29.92, 1.8
_604_, 39.155, 24.48, 1.8
_628_, 39.155, 24.48, 1.8
_629_, 39.155, 24.48, 1.8
_630_, 39.155, 24.48, 1.8
FILLER_0_5_68, 39.155, 24.48, 1.8
FILLER_0_6_81, 39.155, 24.48, 1.8
_452_, 39.155, 19.04, 1.8
_717_, 39.155, 19.04, 1.8
_718_, 39.155, 19.04, 1.8
_719_, 39.155, 19.04, 1.8
_759_, 39.155, 19.04, 1.8
FILLER_0_3_69, 39.155, 19.04, 1.8
_716_, 39.155, 13.6, 1.8
_758_, 39.155, 13.6, 1.8
input15, 39.155, 13.6, 1.8
input16, 39.155, 13.6, 1.8
FILLER_0_0_69, 39.155, 13.6, 1.8
FILLER_0_0_76, 39.155, 13.6, 1.8
FILLER_0_1_78, 39.155, 13.6, 1.8
_762_, 16.73, 89.76, 1.8
FILLER_0_28_15, 16.73, 89.76, 1.8
FILLER_0_29_27, 16.73, 89.76, 1.8
FILLER_0_29_35, 16.73, 89.76, 1.8
FILLER_0_30_29, 16.73, 89.76, 1.8
_703_, 16.73, 84.32, 1.8
_726_, 16.73, 84.32, 1.8
_727_, 16.73, 84.32, 1.8
_763_, 16.73, 84.32, 1.8
_373_, 16.73, 78.88, 1.8
_704_, 16.73, 78.88, 1.8
FILLER_0_24_19, 16.73, 78.88, 1.8
_378_, 16.73, 73.44, 1.8
_435_, 16.73, 73.44, 1.8
_705_, 16.73, 73.44, 1.8
_729_, 16.73, 73.44, 1.8
FILLER_0_22_17, 16.73, 73.44, 1.8
FILLER_0_24_29, 16.73, 73.44, 1.8
_434_, 16.73, 68, 1.8
_468_, 16.73, 68, 1.8
_728_, 16.73, 68, 1.8
_393_, 16.73, 62.56, 1.8
_414_, 16.73, 62.56, 1.8
_470_, 16.73, 62.56, 1.8
FILLER_0_20_25, 16.73, 62.56, 1.8
FILLER_0_20_29, 16.73, 62.56, 1.8
_462_, 16.73, 57.12, 1.8
_466_, 16.73, 57.12, 1.8
_467_, 16.73, 57.12, 1.8
FILLER_0_16_18, 16.73, 57.12, 1.8
FILLER_0_17_21, 16.73, 57.12, 1.8
_382_, 16.73, 51.68, 1.8
_506_, 16.73, 51.68, 1.8
_507_, 16.73, 51.68, 1.8
_508_, 16.73, 51.68, 1.8
_695_, 16.73, 51.68, 1.8
FILLER_0_16_35, 16.73, 51.68, 1.8
_433_, 16.73, 46.24, 1.8
_501_, 16.73, 46.24, 1.8
_502_, 16.73, 46.24, 1.8
_504_, 16.73, 46.24, 1.8
_505_, 16.73, 46.24, 1.8
_542_, 16.73, 46.24, 1.8
FILLER_0_13_15, 16.73, 46.24, 1.8
FILLER_0_14_25, 16.73, 46.24, 1.8
_463_, 16.73, 40.8, 1.8
_503_, 16.73, 40.8, 1.8
FILLER_0_10_19, 16.73, 40.8, 1.8
FILLER_0_11_19, 16.73, 40.8, 1.8
FILLER_0_12_36, 16.73, 40.8, 1.8
_465_, 16.73, 35.36, 1.8
_540_, 16.73, 35.36, 1.8
FILLER_0_8_23, 16.73, 35.36, 1.8
FILLER_0_9_27, 16.73, 35.36, 1.8
_464_, 16.73, 29.92, 1.8
_709_, 16.73, 29.92, 1.8
_732_, 16.73, 29.92, 1.8
_734_, 16.73, 29.92, 1.8
FILLER_0_6_23, 16.73, 29.92, 1.8
FILLER_0_7_28, 16.73, 29.92, 1.8
FILLER_0_7_36, 16.73, 29.92, 1.8
FILLER_0_8_35, 16.73, 29.92, 1.8
_565_, 16.73, 24.48, 1.8
_713_, 16.73, 24.48, 1.8
_756_, 16.73, 24.48, 1.8
_712_, 16.73, 19.04, 1.8
FILLER_0_4_29, 16.73, 19.04, 1.8
FILLER_0_0_29, 16.73, 13.6, 1.8
PHY_EDGE_ROW_32_Left_65, 5.52, 100.64, 1.8
PHY_EDGE_ROW_32_Right_32, 95.22, 100.64, 1.8
FILLER_0_32_189, 95.22, 100.64, 1.8
input3, 27.942, 100.64, 1.8
FILLER_0_32_41, 27.942, 100.64, 1.8
FILLER_0_32_48, 27.942, 100.64, 1.8
_392_, 72.792, 100.64, 1.8
output19, 72.792, 100.64, 1.8
output26, 72.792, 100.64, 1.8
PHY_EDGE_ROW_30_Left_63, 5.52, 95.2, 1.8
PHY_EDGE_ROW_31_Left_64, 5.52, 95.2, 1.8
input17, 5.52, 95.2, 1.8
PHY_EDGE_ROW_30_Right_30, 95.22, 95.2, 1.8
PHY_EDGE_ROW_31_Right_31, 95.22, 95.2, 1.8
FILLER_0_30_183, 95.22, 95.2, 1.8
FILLER_0_31_189, 95.22, 95.2, 1.8
_723_, 27.942, 95.2, 1.8
FILLER_0_31_51, 27.942, 95.2, 1.8
FILLER_0_31_60, 27.942, 95.2, 1.8
FILLER_0_32_57, 27.942, 95.2, 1.8
_374_, 50.367, 95.2, 1.8
_388_, 50.367, 95.2, 1.8
FILLER_0_31_104, 50.367, 95.2, 1.8
FILLER_0_32_109, 50.367, 95.2, 1.8
_391_, 72.792, 95.2, 1.8
_736_, 72.792, 95.2, 1.8
_737_, 72.792, 95.2, 1.8
_770_, 72.792, 95.2, 1.8
output27, 72.792, 95.2, 1.8
FILLER_0_32_147, 72.792, 95.2, 1.8
PHY_EDGE_ROW_28_Left_61, 5.52, 89.76, 1.8
PHY_EDGE_ROW_29_Left_62, 5.52, 89.76, 1.8
PHY_EDGE_ROW_28_Right_28, 95.22, 89.76, 1.8
PHY_EDGE_ROW_29_Right_29, 95.22, 89.76, 1.8
output29, 95.22, 89.76, 1.8
FILLER_0_28_186, 95.22, 89.76, 1.8
_384_, 27.942, 89.76, 1.8
_395_, 27.942, 89.76, 1.8
_722_, 27.942, 89.76, 1.8
_724_, 27.942, 89.76, 1.8
_725_, 27.942, 89.76, 1.8
_761_, 27.942, 89.76, 1.8
_375_, 50.367, 89.76, 1.8
_379_, 50.367, 89.76, 1.8
_380_, 50.367, 89.76, 1.8
_383_, 50.367, 89.76, 1.8
_401_, 50.367, 89.76, 1.8
_408_, 50.367, 89.76, 1.8
FILLER_0_29_94, 50.367, 89.76, 1.8
FILLER_0_29_107, 50.367, 89.76, 1.8
_407_, 72.792, 89.76, 1.8
_428_, 72.792, 89.76, 1.8
_771_, 72.792, 89.76, 1.8
FILLER_0_28_144, 72.792, 89.76, 1.8
PHY_EDGE_ROW_26_Left_59, 5.52, 84.32, 1.8
PHY_EDGE_ROW_27_Left_60, 5.52, 84.32, 1.8
input4, 5.52, 84.32, 1.8
PHY_EDGE_ROW_26_Right_26, 95.22, 84.32, 1.8
PHY_EDGE_ROW_27_Right_27, 95.22, 84.32, 1.8
output30, 95.22, 84.32, 1.8
FILLER_0_26_186, 95.22, 84.32, 1.8
FILLER_0_27_184, 95.22, 84.32, 1.8
_396_, 27.942, 84.32, 1.8
_397_, 27.942, 84.32, 1.8
_399_, 27.942, 84.32, 1.8
_419_, 27.942, 84.32, 1.8
FILLER_0_26_41, 27.942, 84.32, 1.8
FILLER_0_27_47, 27.942, 84.32, 1.8
_402_, 50.367, 84.32, 1.8
_403_, 50.367, 84.32, 1.8
_422_, 50.367, 84.32, 1.8
_423_, 50.367, 84.32, 1.8
FILLER_0_27_94, 50.367, 84.32, 1.8
_427_, 72.792, 84.32, 1.8
_429_, 72.792, 84.32, 1.8
_484_, 72.792, 84.32, 1.8
_772_, 72.792, 84.32, 1.8
FILLER_0_26_137, 72.792, 84.32, 1.8
FILLER_0_26_141, 72.792, 84.32, 1.8
FILLER_0_28_151, 72.792, 84.32, 1.8
_752_, 5.52, 78.88, 1.8
PHY_EDGE_ROW_24_Left_57, 5.52, 78.88, 1.8
PHY_EDGE_ROW_25_Left_58, 5.52, 78.88, 1.8
input9, 5.52, 78.88, 1.8
FILLER_0_25_3, 5.52, 78.88, 1.8
PHY_EDGE_ROW_24_Right_24, 95.22, 78.88, 1.8
PHY_EDGE_ROW_25_Right_25, 95.22, 78.88, 1.8
output31, 95.22, 78.88, 1.8
FILLER_0_24_184, 95.22, 78.88, 1.8
_413_, 27.942, 78.88, 1.8
_415_, 27.942, 78.88, 1.8
_417_, 27.942, 78.88, 1.8
_418_, 27.942, 78.88, 1.8
_421_, 27.942, 78.88, 1.8
_431_, 27.942, 78.88, 1.8
FILLER_0_24_37, 27.942, 78.88, 1.8
FILLER_0_24_47, 27.942, 78.88, 1.8
FILLER_0_26_49, 27.942, 78.88, 1.8
_411_, 50.367, 78.88, 1.8
_412_, 50.367, 78.88, 1.8
_449_, 50.367, 78.88, 1.8
FILLER_0_25_106, 50.367, 78.88, 1.8
_482_, 72.792, 78.88, 1.8
_483_, 72.792, 78.88, 1.8
_488_, 72.792, 78.88, 1.8
_524_, 72.792, 78.88, 1.8
_693_, 72.792, 78.88, 1.8
_694_, 72.792, 78.88, 1.8
_753_, 5.52, 73.44, 1.8
PHY_EDGE_ROW_22_Left_55, 5.52, 73.44, 1.8
PHY_EDGE_ROW_23_Left_56, 5.52, 73.44, 1.8
input10, 5.52, 73.44, 1.8
FILLER_0_24_6, 5.52, 73.44, 1.8
PHY_EDGE_ROW_22_Right_22, 95.22, 73.44, 1.8
PHY_EDGE_ROW_23_Right_23, 95.22, 73.44, 1.8
output32, 95.22, 73.44, 1.8
FILLER_0_23_189, 95.22, 73.44, 1.8
_416_, 27.942, 73.44, 1.8
_432_, 27.942, 73.44, 1.8
_436_, 27.942, 73.44, 1.8
_437_, 27.942, 73.44, 1.8
_438_, 27.942, 73.44, 1.8
_439_, 27.942, 73.44, 1.8
_441_, 27.942, 73.44, 1.8
_410_, 50.367, 73.44, 1.8
FILLER_0_23_109, 50.367, 73.44, 1.8
FILLER_0_24_107, 50.367, 73.44, 1.8
_487_, 72.792, 73.44, 1.8
_520_, 72.792, 73.44, 1.8
_523_, 72.792, 73.44, 1.8
FILLER_0_22_145, 72.792, 73.44, 1.8
FILLER_0_23_157, 72.792, 73.44, 1.8
_706_, 5.52, 68, 1.8
_764_, 5.52, 68, 1.8
PHY_EDGE_ROW_20_Left_53, 5.52, 68, 1.8
PHY_EDGE_ROW_21_Left_54, 5.52, 68, 1.8
input5, 5.52, 68, 1.8
FILLER_0_21_6, 5.52, 68, 1.8
FILLER_0_22_3, 5.52, 68, 1.8
PHY_EDGE_ROW_20_Right_20, 95.22, 68, 1.8
PHY_EDGE_ROW_21_Right_21, 95.22, 68, 1.8
output33, 95.22, 68, 1.8
FILLER_0_20_183, 95.22, 68, 1.8
FILLER_0_21_188, 95.22, 68, 1.8
FILLER_0_21_51, 27.942, 68, 1.8
_451_, 50.367, 68, 1.8
_453_, 50.367, 68, 1.8
_454_, 50.367, 68, 1.8
FILLER_0_20_97, 50.367, 68, 1.8
_521_, 72.792, 68, 1.8
_522_, 72.792, 68, 1.8
_525_, 72.792, 68, 1.8
_553_, 72.792, 68, 1.8
_554_, 72.792, 68, 1.8
FILLER_0_21_138, 72.792, 68, 1.8
FILLER_0_22_158, 72.792, 68, 1.8
PHY_EDGE_ROW_18_Left_51, 5.52, 62.56, 1.8
PHY_EDGE_ROW_19_Left_52, 5.52, 62.56, 1.8
input12, 5.52, 62.56, 1.8
PHY_EDGE_ROW_18_Right_18, 95.22, 62.56, 1.8
PHY_EDGE_ROW_19_Right_19, 95.22, 62.56, 1.8
FILLER_0_18_189, 95.22, 62.56, 1.8
FILLER_0_19_189, 95.22, 62.56, 1.8
_458_, 27.942, 62.56, 1.8
_459_, 27.942, 62.56, 1.8
_461_, 27.942, 62.56, 1.8
_469_, 27.942, 62.56, 1.8
_489_, 27.942, 62.56, 1.8
FILLER_0_18_41, 27.942, 62.56, 1.8
_455_, 50.367, 62.56, 1.8
_491_, 50.367, 62.56, 1.8
_526_, 50.367, 62.56, 1.8
FILLER_0_19_102, 50.367, 62.56, 1.8
FILLER_0_20_108, 50.367, 62.56, 1.8
_550_, 72.792, 62.56, 1.8
_555_, 72.792, 62.56, 1.8
FILLER_0_19_154, 72.792, 62.56, 1.8
_710_, 5.52, 57.12, 1.8
_711_, 5.52, 57.12, 1.8
_755_, 5.52, 57.12, 1.8
PHY_EDGE_ROW_16_Left_49, 5.52, 57.12, 1.8
PHY_EDGE_ROW_17_Left_50, 5.52, 57.12, 1.8
FILLER_0_17_3, 5.52, 57.12, 1.8
PHY_EDGE_ROW_16_Right_16, 95.22, 57.12, 1.8
PHY_EDGE_ROW_17_Right_17, 95.22, 57.12, 1.8
FILLER_0_17_189, 95.22, 57.12, 1.8
_409_, 27.942, 57.12, 1.8
_460_, 27.942, 57.12, 1.8
_496_, 27.942, 57.12, 1.8
_497_, 27.942, 57.12, 1.8
_499_, 27.942, 57.12, 1.8
FILLER_0_17_37, 27.942, 57.12, 1.8
_490_, 50.367, 57.12, 1.8
_492_, 50.367, 57.12, 1.8
_494_, 50.367, 57.12, 1.8
_495_, 50.367, 57.12, 1.8
_529_, 50.367, 57.12, 1.8
_530_, 50.367, 57.12, 1.8
_558_, 50.367, 57.12, 1.8
FILLER_0_17_95, 50.367, 57.12, 1.8
FILLER_0_17_103, 50.367, 57.12, 1.8
_552_, 72.792, 57.12, 1.8
_557_, 72.792, 57.12, 1.8
_582_, 72.792, 57.12, 1.8
_584_, 72.792, 57.12, 1.8
_586_, 72.792, 57.12, 1.8
_587_, 72.792, 57.12, 1.8
FILLER_0_17_153, 72.792, 57.12, 1.8
_707_, 5.52, 51.68, 1.8
_708_, 5.52, 51.68, 1.8
PHY_EDGE_ROW_14_Left_47, 5.52, 51.68, 1.8
PHY_EDGE_ROW_15_Left_48, 5.52, 51.68, 1.8
input11, 5.52, 51.68, 1.8
input18, 5.52, 51.68, 1.8
PHY_EDGE_ROW_14_Right_14, 95.22, 51.68, 1.8
PHY_EDGE_ROW_15_Right_15, 95.22, 51.68, 1.8
output20, 95.22, 51.68, 1.8
output34, 95.22, 51.68, 1.8
FILLER_0_14_185, 95.22, 51.68, 1.8
_498_, 27.942, 51.68, 1.8
_500_, 27.942, 51.68, 1.8
_527_, 27.942, 51.68, 1.8
FILLER_0_15_37, 27.942, 51.68, 1.8
FILLER_0_15_52, 27.942, 51.68, 1.8
FILLER_0_15_57, 27.942, 51.68, 1.8
_528_, 50.367, 51.68, 1.8
_531_, 50.367, 51.68, 1.8
_532_, 50.367, 51.68, 1.8
_533_, 50.367, 51.68, 1.8
FILLER_0_15_93, 50.367, 51.68, 1.8
FILLER_0_15_101, 50.367, 51.68, 1.8
FILLER_0_15_109, 50.367, 51.68, 1.8
_583_, 72.792, 51.68, 1.8
_590_, 72.792, 51.68, 1.8
_617_, 72.792, 51.68, 1.8
_618_, 72.792, 51.68, 1.8
_754_, 5.52, 46.24, 1.8
PHY_EDGE_ROW_12_Left_45, 5.52, 46.24, 1.8
PHY_EDGE_ROW_13_Left_46, 5.52, 46.24, 1.8
PHY_EDGE_ROW_12_Right_12, 95.22, 46.24, 1.8
PHY_EDGE_ROW_13_Right_13, 95.22, 46.24, 1.8
FILLER_0_12_184, 95.22, 46.24, 1.8
_534_, 27.942, 46.24, 1.8
_535_, 27.942, 46.24, 1.8
_543_, 27.942, 46.24, 1.8
_559_, 27.942, 46.24, 1.8
FILLER_0_13_39, 27.942, 46.24, 1.8
_561_, 50.367, 46.24, 1.8
_562_, 50.367, 46.24, 1.8
_563_, 50.367, 46.24, 1.8
_591_, 50.367, 46.24, 1.8
FILLER_0_13_105, 50.367, 46.24, 1.8
_613_, 72.792, 46.24, 1.8
_615_, 72.792, 46.24, 1.8
_619_, 72.792, 46.24, 1.8
_663_, 72.792, 46.24, 1.8
FILLER_0_12_136, 72.792, 46.24, 1.8
FILLER_0_13_147, 72.792, 46.24, 1.8
FILLER_0_14_153, 72.792, 46.24, 1.8
_765_, 5.52, 40.8, 1.8
PHY_EDGE_ROW_10_Left_43, 5.52, 40.8, 1.8
PHY_EDGE_ROW_11_Left_44, 5.52, 40.8, 1.8
PHY_EDGE_ROW_10_Right_10, 95.22, 40.8, 1.8
PHY_EDGE_ROW_11_Right_11, 95.22, 40.8, 1.8
output21, 95.22, 40.8, 1.8
FILLER_0_10_188, 95.22, 40.8, 1.8
_536_, 27.942, 40.8, 1.8
_537_, 27.942, 40.8, 1.8
_538_, 27.942, 40.8, 1.8
_541_, 27.942, 40.8, 1.8
_574_, 27.942, 40.8, 1.8
FILLER_0_11_37, 27.942, 40.8, 1.8
FILLER_0_11_49, 27.942, 40.8, 1.8
_560_, 50.367, 40.8, 1.8
_564_, 50.367, 40.8, 1.8
_577_, 50.367, 40.8, 1.8
_593_, 50.367, 40.8, 1.8
_599_, 50.367, 40.8, 1.8
FILLER_0_11_103, 50.367, 40.8, 1.8
_614_, 72.792, 40.8, 1.8
_641_, 72.792, 40.8, 1.8
_642_, 72.792, 40.8, 1.8
_643_, 72.792, 40.8, 1.8
_645_, 72.792, 40.8, 1.8
_646_, 72.792, 40.8, 1.8
_662_, 72.792, 40.8, 1.8
FILLER_0_10_145, 72.792, 40.8, 1.8
FILLER_0_11_135, 72.792, 40.8, 1.8
FILLER_0_11_142, 72.792, 40.8, 1.8
_730_, 5.52, 35.36, 1.8
_731_, 5.52, 35.36, 1.8
PHY_EDGE_ROW_8_Left_41, 5.52, 35.36, 1.8
PHY_EDGE_ROW_9_Left_42, 5.52, 35.36, 1.8
input6, 5.52, 35.36, 1.8
PHY_EDGE_ROW_8_Right_8, 95.22, 35.36, 1.8
PHY_EDGE_ROW_9_Right_9, 95.22, 35.36, 1.8
FILLER_0_9_189, 95.22, 35.36, 1.8
_539_, 27.942, 35.36, 1.8
_567_, 27.942, 35.36, 1.8
_569_, 27.942, 35.36, 1.8
_594_, 27.942, 35.36, 1.8
FILLER_0_9_57, 27.942, 35.36, 1.8
_597_, 50.367, 35.36, 1.8
_598_, 50.367, 35.36, 1.8
_600_, 50.367, 35.36, 1.8
_608_, 50.367, 35.36, 1.8
_622_, 50.367, 35.36, 1.8
FILLER_0_9_102, 50.367, 35.36, 1.8
FILLER_0_10_109, 50.367, 35.36, 1.8
_644_, 72.792, 35.36, 1.8
FILLER_0_8_141, 72.792, 35.36, 1.8
_733_, 5.52, 29.92, 1.8
_766_, 5.52, 29.92, 1.8
PHY_EDGE_ROW_6_Left_39, 5.52, 29.92, 1.8
PHY_EDGE_ROW_7_Left_40, 5.52, 29.92, 1.8
input7, 5.52, 29.92, 1.8
FILLER_0_7_6, 5.52, 29.92, 1.8
FILLER_0_8_3, 5.52, 29.92, 1.8
PHY_EDGE_ROW_6_Right_6, 95.22, 29.92, 1.8
PHY_EDGE_ROW_7_Right_7, 95.22, 29.92, 1.8
output22, 95.22, 29.92, 1.8
output23, 95.22, 29.92, 1.8
_568_, 27.942, 29.92, 1.8
_570_, 27.942, 29.92, 1.8
_572_, 27.942, 29.92, 1.8
_601_, 27.942, 29.92, 1.8
FILLER_0_7_46, 27.942, 29.92, 1.8
_632_, 50.367, 29.92, 1.8
_634_, 50.367, 29.92, 1.8
_635_, 50.367, 29.92, 1.8
_638_, 50.367, 29.92, 1.8
FILLER_0_8_99, 50.367, 29.92, 1.8
_658_, 72.792, 29.92, 1.8
_661_, 72.792, 29.92, 1.8
_664_, 72.792, 29.92, 1.8
_665_, 72.792, 29.92, 1.8
_679_, 72.792, 29.92, 1.8
FILLER_0_6_146, 72.792, 29.92, 1.8
FILLER_0_7_137, 72.792, 29.92, 1.8
_735_, 5.52, 24.48, 1.8
_767_, 5.52, 24.48, 1.8
PHY_EDGE_ROW_4_Left_37, 5.52, 24.48, 1.8
PHY_EDGE_ROW_5_Left_38, 5.52, 24.48, 1.8
input8, 5.52, 24.48, 1.8
FILLER_0_5_3, 5.52, 24.48, 1.8
FILLER_0_6_6, 5.52, 24.48, 1.8
PHY_EDGE_ROW_4_Right_4, 95.22, 24.48, 1.8
PHY_EDGE_ROW_5_Right_5, 95.22, 24.48, 1.8
FILLER_0_4_189, 95.22, 24.48, 1.8
FILLER_0_5_189, 95.22, 24.48, 1.8
_602_, 27.942, 24.48, 1.8
_605_, 27.942, 24.48, 1.8
_627_, 27.942, 24.48, 1.8
FILLER_0_4_41, 27.942, 24.48, 1.8
FILLER_0_5_44, 27.942, 24.48, 1.8
_623_, 50.367, 24.48, 1.8
_624_, 50.367, 24.48, 1.8
_625_, 50.367, 24.48, 1.8
_626_, 50.367, 24.48, 1.8
_631_, 50.367, 24.48, 1.8
_633_, 50.367, 24.48, 1.8
_636_, 50.367, 24.48, 1.8
FILLER_0_5_101, 50.367, 24.48, 1.8
_676_, 72.792, 24.48, 1.8
_677_, 72.792, 24.48, 1.8
_678_, 72.792, 24.48, 1.8
_680_, 72.792, 24.48, 1.8
_681_, 72.792, 24.48, 1.8
_688_, 72.792, 24.48, 1.8
FILLER_0_4_145, 72.792, 24.48, 1.8
FILLER_0_5_141, 72.792, 24.48, 1.8
PHY_EDGE_ROW_2_Left_35, 5.52, 19.04, 1.8
PHY_EDGE_ROW_3_Left_36, 5.52, 19.04, 1.8
_701_, 95.22, 19.04, 1.8
PHY_EDGE_ROW_2_Right_2, 95.22, 19.04, 1.8
PHY_EDGE_ROW_3_Right_3, 95.22, 19.04, 1.8
output24, 95.22, 19.04, 1.8
FILLER_0_2_186, 95.22, 19.04, 1.8
FILLER_0_3_189, 95.22, 19.04, 1.8
_603_, 27.942, 19.04, 1.8
_715_, 27.942, 19.04, 1.8
_757_, 27.942, 19.04, 1.8
FILLER_0_3_51, 27.942, 19.04, 1.8
_648_, 50.367, 19.04, 1.8
_650_, 50.367, 19.04, 1.8
_651_, 50.367, 19.04, 1.8
_670_, 50.367, 19.04, 1.8
FILLER_0_3_89, 50.367, 19.04, 1.8
_686_, 72.792, 19.04, 1.8
_689_, 72.792, 19.04, 1.8
_690_, 72.792, 19.04, 1.8
_691_, 72.792, 19.04, 1.8
_692_, 72.792, 19.04, 1.8
FILLER_0_2_137, 72.792, 19.04, 1.8
FILLER_0_3_144, 72.792, 19.04, 1.8
PHY_EDGE_ROW_0_Left_33, 5.52, 13.6, 1.8
PHY_EDGE_ROW_1_Left_34, 5.52, 13.6, 1.8
PHY_EDGE_ROW_0_Right_0, 95.22, 13.6, 1.8
PHY_EDGE_ROW_1_Right_1, 95.22, 13.6, 1.8
FILLER_0_0_189, 95.22, 13.6, 1.8
FILLER_0_1_189, 95.22, 13.6, 1.8
_714_, 27.942, 13.6, 1.8
input13, 27.942, 13.6, 1.8
input14, 27.942, 13.6, 1.8
FILLER_0_0_41, 27.942, 13.6, 1.8
FILLER_0_0_49, 27.942, 13.6, 1.8
FILLER_0_1_39, 27.942, 13.6, 1.8
FILLER_0_1_57, 27.942, 13.6, 1.8
_493_, 50.367, 13.6, 1.8
_649_, 50.367, 13.6, 1.8
_669_, 50.367, 13.6, 1.8
_674_, 50.367, 13.6, 1.8
_683_, 50.367, 13.6, 1.8
FILLER_0_0_109, 50.367, 13.6, 1.8
FILLER_0_1_86, 50.367, 13.6, 1.8
_687_, 72.792, 13.6, 1.8
_702_, 72.792, 13.6, 1.8
_751_, 72.792, 13.6, 1.8
FILLER_0_0_137, 72.792, 13.6, 1.8
FILLER_0_0_153, 72.792, 13.6, 1.8
FILLER_0_1_135, 72.792, 13.6, 1.8
FILLER_0_2_157, 72.792, 13.6, 1.8

