Instance name, X location, Y location, Voltage
FILLER_0_32_181, 87.305, 97.92, 6.02193e-11
FILLER_0_30_183, 87.305, 92.48, 9.73052e-11
FILLER_0_31_181, 87.305, 92.48, 9.73052e-11
_740_, 87.305, 87.04, 1.06451e-10
FILLER_0_28_186, 87.305, 87.04, 1.06451e-10
FILLER_0_29_181, 87.305, 87.04, 1.06451e-10
_741_, 87.305, 81.6, 1.31121e-10
_742_, 87.305, 81.6, 1.31121e-10
_773_, 87.305, 81.6, 1.31121e-10
FILLER_0_26_169, 87.305, 81.6, 1.31121e-10
FILLER_0_26_178, 87.305, 81.6, 1.31121e-10
FILLER_0_26_186, 87.305, 81.6, 1.31121e-10
FILLER_0_27_184, 87.305, 81.6, 1.31121e-10
FILLER_0_24_184, 87.305, 76.16, 1.12731e-10
_743_, 87.305, 70.72, 1.36912e-10
FILLER_0_21_169, 87.305, 70.72, 1.36912e-10
FILLER_0_22_182, 87.305, 70.72, 1.36912e-10
FILLER_0_23_181, 87.305, 70.72, 1.36912e-10
_776_, 87.305, 65.28, 1.02361e-10
FILLER_0_20_183, 87.305, 65.28, 1.02361e-10
_696_, 87.305, 59.84, 1.14946e-10
_744_, 87.305, 59.84, 1.14946e-10
FILLER_0_17_169, 87.305, 59.84, 1.14946e-10
FILLER_0_18_173, 87.305, 59.84, 1.14946e-10
FILLER_0_18_181, 87.305, 59.84, 1.14946e-10
_777_, 87.305, 54.4, 1.03801e-10
FILLER_0_15_169, 87.305, 54.4, 1.03801e-10
FILLER_0_17_181, 87.305, 54.4, 1.03801e-10
_616_, 87.305, 48.96, 1.26185e-10
_745_, 87.305, 48.96, 1.26185e-10
_746_, 87.305, 48.96, 1.26185e-10
FILLER_0_14_185, 87.305, 48.96, 1.26185e-10
FILLER_0_15_182, 87.305, 48.96, 1.26185e-10
_697_, 87.305, 43.52, 9.6621e-11
FILLER_0_12_177, 87.305, 43.52, 9.6621e-11
FILLER_0_12_184, 87.305, 43.52, 9.6621e-11
_747_, 87.305, 38.08, 1.10336e-10
FILLER_0_9_169, 87.305, 38.08, 1.10336e-10
FILLER_0_11_181, 87.305, 38.08, 1.10336e-10
_698_, 87.305, 32.64, 1.09915e-10
_748_, 87.305, 32.64, 1.09915e-10
FILLER_0_9_181, 87.305, 32.64, 1.09915e-10
_699_, 87.305, 27.2, 9.81893e-11
_749_, 87.305, 27.2, 9.81893e-11
FILLER_0_6_168, 87.305, 27.2, 9.81893e-11
FILLER_0_6_180, 87.305, 27.2, 9.81893e-11
_700_, 87.305, 21.76, 1.02179e-10
FILLER_0_4_167, 87.305, 21.76, 1.02179e-10
FILLER_0_4_175, 87.305, 21.76, 1.02179e-10
FILLER_0_4_181, 87.305, 21.76, 1.02179e-10
_701_, 87.305, 16.32, 1.54019e-10
FILLER_0_2_186, 87.305, 16.32, 1.54019e-10
FILLER_0_3_181, 87.305, 16.32, 1.54019e-10
FILLER_0_0_181, 87.305, 10.88, 8.15098e-11
FILLER_0_1_181, 87.305, 10.88, 8.15098e-11
_392_, 64.88, 97.92, 7.13188e-11
_769_, 64.88, 97.92, 7.13188e-11
output19, 64.88, 97.92, 7.13188e-11
FILLER_0_32_125, 64.88, 97.92, 7.13188e-11
FILLER_0_32_133, 64.88, 97.92, 7.13188e-11
_389_, 64.88, 92.48, 1.36306e-10
_390_, 64.88, 92.48, 1.36306e-10
_391_, 64.88, 92.48, 1.36306e-10
_736_, 64.88, 92.48, 1.36306e-10
_770_, 64.88, 92.48, 1.36306e-10
FILLER_0_29_126, 64.88, 92.48, 1.36306e-10
_405_, 64.88, 87.04, 1.20558e-10
_406_, 64.88, 87.04, 1.20558e-10
_407_, 64.88, 87.04, 1.20558e-10
_425_, 64.88, 87.04, 1.20558e-10
_426_, 64.88, 87.04, 1.20558e-10
_428_, 64.88, 87.04, 1.20558e-10
FILLER_0_28_134, 64.88, 87.04, 1.20558e-10
_427_, 64.88, 81.6, 9.7483e-11
_481_, 64.88, 81.6, 9.7483e-11
FILLER_0_26_137, 64.88, 81.6, 9.7483e-11
FILLER_0_26_141, 64.88, 81.6, 9.7483e-11
_478_, 64.88, 76.16, 1.58927e-10
_479_, 64.88, 76.16, 1.58927e-10
_482_, 64.88, 76.16, 1.58927e-10
_483_, 64.88, 76.16, 1.58927e-10
_485_, 64.88, 76.16, 1.58927e-10
_524_, 64.88, 76.16, 1.58927e-10
_693_, 64.88, 76.16, 1.58927e-10
FILLER_0_24_130, 64.88, 76.16, 1.58927e-10
FILLER_0_25_134, 64.88, 76.16, 1.58927e-10
_477_, 64.88, 70.72, 1.34312e-10
_518_, 64.88, 70.72, 1.34312e-10
_520_, 64.88, 70.72, 1.34312e-10
FILLER_0_22_133, 64.88, 70.72, 1.34312e-10
_514_, 64.88, 65.28, 1.24387e-10
_516_, 64.88, 65.28, 1.24387e-10
_517_, 64.88, 65.28, 1.24387e-10
_519_, 64.88, 65.28, 1.24387e-10
_551_, 64.88, 65.28, 1.24387e-10
_553_, 64.88, 65.28, 1.24387e-10
FILLER_0_20_128, 64.88, 65.28, 1.24387e-10
FILLER_0_21_138, 64.88, 65.28, 1.24387e-10
_549_, 64.88, 59.84, 1.13613e-10
_550_, 64.88, 59.84, 1.13613e-10
FILLER_0_17_121, 64.88, 59.84, 1.13613e-10
FILLER_0_18_134, 64.88, 59.84, 1.13613e-10
_556_, 64.88, 54.4, 9.72205e-11
_557_, 64.88, 54.4, 9.72205e-11
FILLER_0_16_131, 64.88, 54.4, 9.72205e-11
_580_, 64.88, 48.96, 1.07197e-10
_581_, 64.88, 48.96, 1.07197e-10
_589_, 64.88, 48.96, 1.07197e-10
_590_, 64.88, 48.96, 1.07197e-10
FILLER_0_13_121, 64.88, 48.96, 1.07197e-10
FILLER_0_14_128, 64.88, 48.96, 1.07197e-10
_611_, 64.88, 43.52, 1.07768e-10
_612_, 64.88, 43.52, 1.07768e-10
_615_, 64.88, 43.52, 1.07768e-10
FILLER_0_11_121, 64.88, 43.52, 1.07768e-10
FILLER_0_11_129, 64.88, 43.52, 1.07768e-10
FILLER_0_12_136, 64.88, 43.52, 1.07768e-10
FILLER_0_13_130, 64.88, 43.52, 1.07768e-10
_621_, 64.88, 38.08, 1.01254e-10
_641_, 64.88, 38.08, 1.01254e-10
_643_, 64.88, 38.08, 1.01254e-10
FILLER_0_9_125, 64.88, 38.08, 1.01254e-10
FILLER_0_10_130, 64.88, 38.08, 1.01254e-10
FILLER_0_11_135, 64.88, 38.08, 1.01254e-10
_639_, 64.88, 32.64, 1.13096e-10
_640_, 64.88, 32.64, 1.13096e-10
_659_, 64.88, 32.64, 1.13096e-10
_660_, 64.88, 32.64, 1.13096e-10
FILLER_0_8_141, 64.88, 32.64, 1.13096e-10
_655_, 64.88, 27.2, 9.79974e-11
_656_, 64.88, 27.2, 9.79974e-11
_657_, 64.88, 27.2, 9.79974e-11
_658_, 64.88, 27.2, 9.79974e-11
FILLER_0_6_120, 64.88, 27.2, 9.79974e-11
FILLER_0_6_132, 64.88, 27.2, 9.79974e-11
FILLER_0_7_137, 64.88, 27.2, 9.79974e-11
_654_, 64.88, 21.76, 9.76545e-11
_668_, 64.88, 21.76, 9.76545e-11
_676_, 64.88, 21.76, 9.76545e-11
_677_, 64.88, 21.76, 9.76545e-11
_684_, 64.88, 21.76, 9.76545e-11
FILLER_0_3_120, 64.88, 21.76, 9.76545e-11
FILLER_0_5_141, 64.88, 21.76, 9.76545e-11
_671_, 64.88, 16.32, 1.71447e-10
_673_, 64.88, 16.32, 1.71447e-10
_675_, 64.88, 16.32, 1.71447e-10
_682_, 64.88, 16.32, 1.71447e-10
_686_, 64.88, 16.32, 1.71447e-10
FILLER_0_1_120, 64.88, 16.32, 1.71447e-10
FILLER_0_1_126, 64.88, 16.32, 1.71447e-10
FILLER_0_2_137, 64.88, 16.32, 1.71447e-10
_685_, 64.88, 10.88, 8.99231e-11
FILLER_0_0_137, 64.88, 10.88, 8.99231e-11
FILLER_0_1_135, 64.88, 10.88, 8.99231e-11
_721_, 42.455, 97.92, 6.47811e-11
_760_, 42.455, 97.92, 6.47811e-11
input1, 42.455, 97.92, 6.47811e-11
FILLER_0_32_69, 42.455, 97.92, 6.47811e-11
FILLER_0_32_77, 42.455, 97.92, 6.47811e-11
_374_, 42.455, 92.48, 1.33004e-10
_377_, 42.455, 92.48, 1.33004e-10
_385_, 42.455, 92.48, 1.33004e-10
_387_, 42.455, 92.48, 1.33004e-10
_388_, 42.455, 92.48, 1.33004e-10
_720_, 42.455, 92.48, 1.33004e-10
_383_, 42.455, 87.04, 1.25762e-10
_386_, 42.455, 87.04, 1.25762e-10
_400_, 42.455, 87.04, 1.25762e-10
_401_, 42.455, 87.04, 1.25762e-10
FILLER_0_28_69, 42.455, 87.04, 1.25762e-10
_422_, 42.455, 81.6, 1.12771e-10
_446_, 42.455, 81.6, 1.12771e-10
FILLER_0_25_80, 42.455, 81.6, 1.12771e-10
FILLER_0_26_80, 42.455, 81.6, 1.12771e-10
_412_, 42.455, 76.16, 1.70162e-10
_430_, 42.455, 76.16, 1.70162e-10
_443_, 42.455, 76.16, 1.70162e-10
_447_, 42.455, 76.16, 1.70162e-10
_448_, 42.455, 76.16, 1.70162e-10
_449_, 42.455, 76.16, 1.70162e-10
_473_, 42.455, 76.16, 1.70162e-10
_442_, 42.455, 70.72, 1.33301e-10
_444_, 42.455, 70.72, 1.33301e-10
_445_, 42.455, 70.72, 1.33301e-10
_474_, 42.455, 70.72, 1.33301e-10
_475_, 42.455, 70.72, 1.33301e-10
FILLER_0_22_81, 42.455, 70.72, 1.33301e-10
_451_, 42.455, 65.28, 1.19174e-10
_471_, 42.455, 65.28, 1.19174e-10
_472_, 42.455, 65.28, 1.19174e-10
_511_, 42.455, 65.28, 1.19174e-10
FILLER_0_20_80, 42.455, 65.28, 1.19174e-10
FILLER_0_21_84, 42.455, 65.28, 1.19174e-10
_456_, 42.455, 59.84, 1.20884e-10
_491_, 42.455, 59.84, 1.20884e-10
_512_, 42.455, 59.84, 1.20884e-10
_513_, 42.455, 59.84, 1.20884e-10
FILLER_0_17_69, 42.455, 59.84, 1.20884e-10
FILLER_0_18_81, 42.455, 59.84, 1.20884e-10
FILLER_0_18_85, 42.455, 59.84, 1.20884e-10
_490_, 42.455, 54.4, 1.20203e-10
_509_, 42.455, 54.4, 1.20203e-10
_529_, 42.455, 54.4, 1.20203e-10
_530_, 42.455, 54.4, 1.20203e-10
_546_, 42.455, 54.4, 1.20203e-10
FILLER_0_15_73, 42.455, 54.4, 1.20203e-10
FILLER_0_16_77, 42.455, 54.4, 1.20203e-10
FILLER_0_16_85, 42.455, 54.4, 1.20203e-10
_528_, 42.455, 48.96, 9.58428e-11
_578_, 42.455, 48.96, 9.58428e-11
FILLER_0_14_81, 42.455, 48.96, 9.58428e-11
_561_, 42.455, 43.52, 1.04393e-10
_576_, 42.455, 43.52, 1.04393e-10
FILLER_0_12_81, 42.455, 43.52, 1.04393e-10
_560_, 42.455, 38.08, 1.04509e-10
_592_, 42.455, 38.08, 1.04509e-10
_606_, 42.455, 38.08, 1.04509e-10
FILLER_0_9_76, 42.455, 38.08, 1.04509e-10
FILLER_0_10_85, 42.455, 38.08, 1.04509e-10
FILLER_0_11_84, 42.455, 38.08, 1.04509e-10
_596_, 42.455, 32.64, 1.16328e-10
_597_, 42.455, 32.64, 1.16328e-10
_607_, 42.455, 32.64, 1.16328e-10
_622_, 42.455, 32.64, 1.16328e-10
_637_, 42.455, 32.64, 1.16328e-10
_595_, 42.455, 27.2, 9.80086e-11
_629_, 42.455, 27.2, 9.80086e-11
_630_, 42.455, 27.2, 9.80086e-11
_632_, 42.455, 27.2, 9.80086e-11
_634_, 42.455, 27.2, 9.80086e-11
FILLER_0_6_81, 42.455, 27.2, 9.80086e-11
_628_, 42.455, 21.76, 9.43558e-11
_631_, 42.455, 21.76, 9.43558e-11
_633_, 42.455, 21.76, 9.43558e-11
_718_, 42.455, 21.76, 9.43558e-11
FILLER_0_3_69, 42.455, 21.76, 9.43558e-11
_452_, 42.455, 16.32, 1.26981e-10
_648_, 42.455, 16.32, 1.26981e-10
_716_, 42.455, 16.32, 1.26981e-10
FILLER_0_1_78, 42.455, 16.32, 1.26981e-10
FILLER_0_3_89, 42.455, 16.32, 1.26981e-10
_493_, 42.455, 10.88, 9.70068e-11
input15, 42.455, 10.88, 9.70068e-11
input16, 42.455, 10.88, 9.70068e-11
FILLER_0_0_69, 42.455, 10.88, 9.70068e-11
FILLER_0_0_76, 42.455, 10.88, 9.70068e-11
FILLER_0_1_86, 42.455, 10.88, 9.70068e-11
FILLER_0_32_41, 20.03, 97.92, 4.83787e-11
_762_, 20.03, 92.48, 1.17873e-10
FILLER_0_29_27, 20.03, 92.48, 1.17873e-10
FILLER_0_30_29, 20.03, 92.48, 1.17873e-10
_724_, 20.03, 87.04, 1.32909e-10
_725_, 20.03, 87.04, 1.32909e-10
_726_, 20.03, 87.04, 1.32909e-10
_727_, 20.03, 87.04, 1.32909e-10
_763_, 20.03, 87.04, 1.32909e-10
FILLER_0_29_35, 20.03, 87.04, 1.32909e-10
_373_, 20.03, 81.6, 1.44532e-10
_396_, 20.03, 81.6, 1.44532e-10
FILLER_0_26_41, 20.03, 81.6, 1.44532e-10
_415_, 20.03, 76.16, 1.42107e-10
_435_, 20.03, 76.16, 1.42107e-10
FILLER_0_24_29, 20.03, 76.16, 1.42107e-10
FILLER_0_24_37, 20.03, 76.16, 1.42107e-10
_434_, 20.03, 70.72, 1.56636e-10
_436_, 20.03, 70.72, 1.56636e-10
_437_, 20.03, 70.72, 1.56636e-10
_468_, 20.03, 70.72, 1.56636e-10
_414_, 20.03, 65.28, 1.14585e-10
_470_, 20.03, 65.28, 1.14585e-10
FILLER_0_20_25, 20.03, 65.28, 1.14585e-10
FILLER_0_20_29, 20.03, 65.28, 1.14585e-10
_458_, 20.03, 59.84, 1.19375e-10
_462_, 20.03, 59.84, 1.19375e-10
_466_, 20.03, 59.84, 1.19375e-10
_469_, 20.03, 59.84, 1.19375e-10
FILLER_0_18_41, 20.03, 59.84, 1.19375e-10
_467_, 20.03, 54.4, 1.48726e-10
_496_, 20.03, 54.4, 1.48726e-10
_497_, 20.03, 54.4, 1.48726e-10
_506_, 20.03, 54.4, 1.48726e-10
_508_, 20.03, 54.4, 1.48726e-10
FILLER_0_16_35, 20.03, 54.4, 1.48726e-10
FILLER_0_17_37, 20.03, 54.4, 1.48726e-10
_504_, 20.03, 48.96, 1.4798e-10
_507_, 20.03, 48.96, 1.4798e-10
_542_, 20.03, 48.96, 1.4798e-10
FILLER_0_14_25, 20.03, 48.96, 1.4798e-10
FILLER_0_15_37, 20.03, 48.96, 1.4798e-10
_463_, 20.03, 43.52, 1.49508e-10
_503_, 20.03, 43.52, 1.49508e-10
_505_, 20.03, 43.52, 1.49508e-10
_535_, 20.03, 43.52, 1.49508e-10
_543_, 20.03, 43.52, 1.49508e-10
FILLER_0_12_36, 20.03, 43.52, 1.49508e-10
FILLER_0_13_39, 20.03, 43.52, 1.49508e-10
_465_, 20.03, 38.08, 1.35669e-10
_540_, 20.03, 38.08, 1.35669e-10
_541_, 20.03, 38.08, 1.35669e-10
_574_, 20.03, 38.08, 1.35669e-10
FILLER_0_9_27, 20.03, 38.08, 1.35669e-10
FILLER_0_11_37, 20.03, 38.08, 1.35669e-10
_464_, 20.03, 32.64, 1.51424e-10
_539_, 20.03, 32.64, 1.51424e-10
_569_, 20.03, 32.64, 1.51424e-10
FILLER_0_7_28, 20.03, 32.64, 1.51424e-10
FILLER_0_8_35, 20.03, 32.64, 1.51424e-10
_565_, 20.03, 27.2, 1.46172e-10
_568_, 20.03, 27.2, 1.46172e-10
_601_, 20.03, 27.2, 1.46172e-10
_713_, 20.03, 27.2, 1.46172e-10
_756_, 20.03, 27.2, 1.46172e-10
FILLER_0_7_36, 20.03, 27.2, 1.46172e-10
_712_, 20.03, 21.76, 9.11811e-11
FILLER_0_4_29, 20.03, 21.76, 9.11811e-11
FILLER_0_4_41, 20.03, 21.76, 9.11811e-11
_715_, 20.03, 16.32, 8.82216e-11
input13, 20.03, 10.88, 8.65918e-11
FILLER_0_0_29, 20.03, 10.88, 8.65918e-11
FILLER_0_0_41, 20.03, 10.88, 8.65918e-11
FILLER_0_1_39, 20.03, 10.88, 8.65918e-11
PHY_EDGE_ROW_31_Left_64, 5.52, 97.92, 7.28646e-11
PHY_EDGE_ROW_32_Left_65, 5.52, 97.92, 7.28646e-11
PHY_EDGE_ROW_31_Right_31, 95.22, 97.92, 8.69328e-11
PHY_EDGE_ROW_32_Right_32, 95.22, 97.92, 8.69328e-11
FILLER_0_31_189, 95.22, 97.92, 8.69328e-11
FILLER_0_32_189, 95.22, 97.92, 8.69328e-11
input2, 31.242, 97.92, 7.42228e-11
input3, 31.242, 97.92, 7.42228e-11
FILLER_0_31_51, 31.242, 97.92, 7.42228e-11
FILLER_0_32_48, 31.242, 97.92, 7.42228e-11
FILLER_0_32_57, 31.242, 97.92, 7.42228e-11
FILLER_0_31_104, 53.667, 97.92, 7.75105e-11
FILLER_0_32_109, 53.667, 97.92, 7.75105e-11
output26, 76.092, 97.92, 8.04162e-11
output27, 76.092, 97.92, 8.04162e-11
output28, 76.092, 97.92, 8.04162e-11
FILLER_0_32_147, 76.092, 97.92, 8.04162e-11
FILLER_0_32_160, 76.092, 97.92, 8.04162e-11
PHY_EDGE_ROW_29_Left_62, 5.52, 92.48, 1.70481e-10
PHY_EDGE_ROW_30_Left_63, 5.52, 92.48, 1.70481e-10
input17, 5.52, 92.48, 1.70481e-10
PHY_EDGE_ROW_29_Right_29, 95.22, 92.48, 1.13107e-10
PHY_EDGE_ROW_30_Right_30, 95.22, 92.48, 1.13107e-10
output29, 95.22, 92.48, 1.13107e-10
_384_, 31.242, 92.48, 1.50623e-10
_723_, 31.242, 92.48, 1.50623e-10
_761_, 31.242, 92.48, 1.50623e-10
FILLER_0_31_60, 31.242, 92.48, 1.50623e-10
_375_, 53.667, 92.48, 1.80808e-10
_376_, 53.667, 92.48, 1.80808e-10
_379_, 53.667, 92.48, 1.80808e-10
_380_, 53.667, 92.48, 1.80808e-10
_768_, 53.667, 92.48, 1.80808e-10
FILLER_0_29_94, 53.667, 92.48, 1.80808e-10
FILLER_0_31_113, 53.667, 92.48, 1.80808e-10
_737_, 76.092, 92.48, 1.52371e-10
_738_, 76.092, 92.48, 1.52371e-10
_771_, 76.092, 92.48, 1.52371e-10
FILLER_0_31_164, 76.092, 92.48, 1.52371e-10
PHY_EDGE_ROW_27_Left_60, 5.52, 87.04, 1.63516e-10
PHY_EDGE_ROW_28_Left_61, 5.52, 87.04, 1.63516e-10
PHY_EDGE_ROW_27_Right_27, 95.22, 87.04, 1.19808e-10
PHY_EDGE_ROW_28_Right_28, 95.22, 87.04, 1.19808e-10
FILLER_0_28_15, 12.775, 87.04, 1.51273e-10
_394_, 31.242, 87.04, 1.58436e-10
_395_, 31.242, 87.04, 1.58436e-10
_399_, 31.242, 87.04, 1.58436e-10
_419_, 31.242, 87.04, 1.58436e-10
_722_, 31.242, 87.04, 1.58436e-10
FILLER_0_27_47, 31.242, 87.04, 1.58436e-10
FILLER_0_29_68, 31.242, 87.04, 1.58436e-10
_381_, 53.667, 87.04, 1.52382e-10
_402_, 53.667, 87.04, 1.52382e-10
_404_, 53.667, 87.04, 1.52382e-10
_408_, 53.667, 87.04, 1.52382e-10
FILLER_0_27_94, 53.667, 87.04, 1.52382e-10
FILLER_0_29_107, 53.667, 87.04, 1.52382e-10
_429_, 76.092, 87.04, 1.51244e-10
_739_, 76.092, 87.04, 1.51244e-10
_772_, 76.092, 87.04, 1.51244e-10
FILLER_0_28_144, 76.092, 87.04, 1.51244e-10
FILLER_0_28_151, 76.092, 87.04, 1.51244e-10
PHY_EDGE_ROW_25_Left_58, 5.52, 81.6, 2.02026e-10
PHY_EDGE_ROW_26_Left_59, 5.52, 81.6, 2.02026e-10
input4, 5.52, 81.6, 2.02026e-10
input9, 5.52, 81.6, 2.02026e-10
PHY_EDGE_ROW_25_Right_25, 95.22, 81.6, 1.49375e-10
PHY_EDGE_ROW_26_Right_26, 95.22, 81.6, 1.49375e-10
output30, 95.22, 81.6, 1.49375e-10
output31, 95.22, 81.6, 1.49375e-10
_703_, 12.775, 81.6, 1.85316e-10
_752_, 12.775, 81.6, 1.85316e-10
_397_, 31.242, 81.6, 1.71471e-10
_398_, 31.242, 81.6, 1.71471e-10
_413_, 31.242, 81.6, 1.71471e-10
_418_, 31.242, 81.6, 1.71471e-10
_420_, 31.242, 81.6, 1.71471e-10
_421_, 31.242, 81.6, 1.71471e-10
_431_, 31.242, 81.6, 1.71471e-10
FILLER_0_26_49, 31.242, 81.6, 1.71471e-10
_403_, 53.667, 81.6, 1.13475e-10
_423_, 53.667, 81.6, 1.13475e-10
_424_, 53.667, 81.6, 1.13475e-10
_484_, 76.092, 81.6, 1.25914e-10
_488_, 76.092, 81.6, 1.25914e-10
FILLER_0_26_161, 76.092, 81.6, 1.25914e-10
PHY_EDGE_ROW_23_Left_56, 5.52, 76.16, 2.03903e-10
PHY_EDGE_ROW_24_Left_57, 5.52, 76.16, 2.03903e-10
input10, 5.52, 76.16, 2.03903e-10
FILLER_0_24_6, 5.52, 76.16, 2.03903e-10
FILLER_0_25_3, 5.52, 76.16, 2.03903e-10
PHY_EDGE_ROW_23_Right_23, 95.22, 76.16, 1.32766e-10
PHY_EDGE_ROW_24_Right_24, 95.22, 76.16, 1.32766e-10
FILLER_0_23_189, 95.22, 76.16, 1.32766e-10
_704_, 12.775, 76.16, 1.77183e-10
FILLER_0_24_19, 12.775, 76.16, 1.77183e-10
_416_, 31.242, 76.16, 1.77883e-10
_417_, 31.242, 76.16, 1.77883e-10
_438_, 31.242, 76.16, 1.77883e-10
_439_, 31.242, 76.16, 1.77883e-10
FILLER_0_24_47, 31.242, 76.16, 1.77883e-10
_410_, 53.667, 76.16, 2.02395e-10
_411_, 53.667, 76.16, 2.02395e-10
_450_, 53.667, 76.16, 2.02395e-10
_486_, 53.667, 76.16, 2.02395e-10
FILLER_0_24_107, 53.667, 76.16, 2.02395e-10
FILLER_0_25_106, 53.667, 76.16, 2.02395e-10
FILLER_0_25_113, 53.667, 76.16, 2.02395e-10
_487_, 76.092, 76.16, 1.7264e-10
_523_, 76.092, 76.16, 1.7264e-10
_694_, 76.092, 76.16, 1.7264e-10
_774_, 76.092, 76.16, 1.7264e-10
FILLER_0_25_161, 76.092, 76.16, 1.7264e-10
_753_, 5.52, 70.72, 2.69134e-10
PHY_EDGE_ROW_21_Left_54, 5.52, 70.72, 2.69134e-10
PHY_EDGE_ROW_22_Left_55, 5.52, 70.72, 2.69134e-10
FILLER_0_22_3, 5.52, 70.72, 2.69134e-10
PHY_EDGE_ROW_21_Right_21, 95.22, 70.72, 1.594e-10
PHY_EDGE_ROW_22_Right_22, 95.22, 70.72, 1.594e-10
output32, 95.22, 70.72, 1.594e-10
FILLER_0_21_188, 95.22, 70.72, 1.594e-10
_378_, 12.775, 70.72, 2.34627e-10
_705_, 12.775, 70.72, 2.34627e-10
_706_, 12.775, 70.72, 2.34627e-10
_729_, 12.775, 70.72, 2.34627e-10
_764_, 12.775, 70.72, 2.34627e-10
FILLER_0_22_17, 12.775, 70.72, 2.34627e-10
_432_, 31.242, 70.72, 1.62473e-10
_440_, 31.242, 70.72, 1.62473e-10
_441_, 31.242, 70.72, 1.62473e-10
FILLER_0_21_51, 31.242, 70.72, 1.62473e-10
FILLER_0_22_62, 31.242, 70.72, 1.62473e-10
_453_, 53.667, 70.72, 1.66523e-10
_454_, 53.667, 70.72, 1.66523e-10
_480_, 53.667, 70.72, 1.66523e-10
FILLER_0_23_109, 53.667, 70.72, 1.66523e-10
_522_, 76.092, 70.72, 1.9654e-10
_525_, 76.092, 70.72, 1.9654e-10
_554_, 76.092, 70.72, 1.9654e-10
_775_, 76.092, 70.72, 1.9654e-10
FILLER_0_22_145, 76.092, 70.72, 1.9654e-10
FILLER_0_22_158, 76.092, 70.72, 1.9654e-10
FILLER_0_23_157, 76.092, 70.72, 1.9654e-10
FILLER_0_23_165, 76.092, 70.72, 1.9654e-10
PHY_EDGE_ROW_19_Left_52, 5.52, 65.28, 1.63923e-10
PHY_EDGE_ROW_20_Left_53, 5.52, 65.28, 1.63923e-10
input5, 5.52, 65.28, 1.63923e-10
FILLER_0_21_6, 5.52, 65.28, 1.63923e-10
PHY_EDGE_ROW_19_Right_19, 95.22, 65.28, 1.24848e-10
PHY_EDGE_ROW_20_Right_20, 95.22, 65.28, 1.24848e-10
output33, 95.22, 65.28, 1.24848e-10
FILLER_0_19_189, 95.22, 65.28, 1.24848e-10
_728_, 12.775, 65.28, 1.43325e-10
_489_, 31.242, 65.28, 1.25572e-10
FILLER_0_20_62, 31.242, 65.28, 1.25572e-10
_455_, 53.667, 65.28, 1.43751e-10
_476_, 53.667, 65.28, 1.43751e-10
FILLER_0_19_102, 53.667, 65.28, 1.43751e-10
FILLER_0_20_97, 53.667, 65.28, 1.43751e-10
FILLER_0_20_108, 53.667, 65.28, 1.43751e-10
_521_, 76.092, 65.28, 1.27022e-10
FILLER_0_21_165, 76.092, 65.28, 1.27022e-10
_755_, 5.52, 59.84, 1.99085e-10
PHY_EDGE_ROW_17_Left_50, 5.52, 59.84, 1.99085e-10
PHY_EDGE_ROW_18_Left_51, 5.52, 59.84, 1.99085e-10
input12, 5.52, 59.84, 1.99085e-10
PHY_EDGE_ROW_17_Right_17, 95.22, 59.84, 1.41659e-10
PHY_EDGE_ROW_18_Right_18, 95.22, 59.84, 1.41659e-10
FILLER_0_17_189, 95.22, 59.84, 1.41659e-10
FILLER_0_18_189, 95.22, 59.84, 1.41659e-10
_393_, 12.775, 59.84, 1.68466e-10
_710_, 12.775, 59.84, 1.68466e-10
_711_, 12.775, 59.84, 1.68466e-10
_409_, 31.242, 59.84, 1.51317e-10
_457_, 31.242, 59.84, 1.51317e-10
_459_, 31.242, 59.84, 1.51317e-10
_460_, 31.242, 59.84, 1.51317e-10
_461_, 31.242, 59.84, 1.51317e-10
_499_, 31.242, 59.84, 1.51317e-10
FILLER_0_19_67, 31.242, 59.84, 1.51317e-10
_492_, 53.667, 59.84, 1.57555e-10
_494_, 53.667, 59.84, 1.57555e-10
_495_, 53.667, 59.84, 1.57555e-10
_515_, 53.667, 59.84, 1.57555e-10
_526_, 53.667, 59.84, 1.57555e-10
_548_, 53.667, 59.84, 1.57555e-10
FILLER_0_17_95, 53.667, 59.84, 1.57555e-10
FILLER_0_17_103, 53.667, 59.84, 1.57555e-10
FILLER_0_18_112, 53.667, 59.84, 1.57555e-10
_552_, 76.092, 59.84, 1.51092e-10
_555_, 76.092, 59.84, 1.51092e-10
_586_, 76.092, 59.84, 1.51092e-10
FILLER_0_17_153, 76.092, 59.84, 1.51092e-10
FILLER_0_19_154, 76.092, 59.84, 1.51092e-10
FILLER_0_19_165, 76.092, 59.84, 1.51092e-10
PHY_EDGE_ROW_15_Left_48, 5.52, 54.4, 2.10307e-10
PHY_EDGE_ROW_16_Left_49, 5.52, 54.4, 2.10307e-10
input11, 5.52, 54.4, 2.10307e-10
FILLER_0_17_3, 5.52, 54.4, 2.10307e-10
PHY_EDGE_ROW_15_Right_15, 95.22, 54.4, 1.1961e-10
PHY_EDGE_ROW_16_Right_16, 95.22, 54.4, 1.1961e-10
output34, 95.22, 54.4, 1.1961e-10
_707_, 12.775, 54.4, 1.89709e-10
FILLER_0_16_18, 12.775, 54.4, 1.89709e-10
FILLER_0_17_21, 12.775, 54.4, 1.89709e-10
_498_, 31.242, 54.4, 1.65263e-10
_500_, 31.242, 54.4, 1.65263e-10
_510_, 31.242, 54.4, 1.65263e-10
_527_, 31.242, 54.4, 1.65263e-10
FILLER_0_15_52, 31.242, 54.4, 1.65263e-10
FILLER_0_16_62, 31.242, 54.4, 1.65263e-10
_531_, 53.667, 54.4, 1.43162e-10
_532_, 53.667, 54.4, 1.43162e-10
_533_, 53.667, 54.4, 1.43162e-10
_547_, 53.667, 54.4, 1.43162e-10
_558_, 53.667, 54.4, 1.43162e-10
FILLER_0_15_93, 53.667, 54.4, 1.43162e-10
FILLER_0_15_101, 53.667, 54.4, 1.43162e-10
FILLER_0_17_113, 53.667, 54.4, 1.43162e-10
_582_, 76.092, 54.4, 1.3227e-10
_583_, 76.092, 54.4, 1.3227e-10
_584_, 76.092, 54.4, 1.3227e-10
_587_, 76.092, 54.4, 1.3227e-10
_588_, 76.092, 54.4, 1.3227e-10
_617_, 76.092, 54.4, 1.3227e-10
FILLER_0_17_161, 76.092, 54.4, 1.3227e-10
_708_, 5.52, 48.96, 2.48539e-10
_754_, 5.52, 48.96, 2.48539e-10
PHY_EDGE_ROW_13_Left_46, 5.52, 48.96, 2.48539e-10
PHY_EDGE_ROW_14_Left_47, 5.52, 48.96, 2.48539e-10
input18, 5.52, 48.96, 2.48539e-10
PHY_EDGE_ROW_13_Right_13, 95.22, 48.96, 1.41994e-10
PHY_EDGE_ROW_14_Right_14, 95.22, 48.96, 1.41994e-10
output20, 95.22, 48.96, 1.41994e-10
_382_, 12.775, 48.96, 2.10285e-10
_695_, 12.775, 48.96, 2.10285e-10
FILLER_0_13_15, 12.775, 48.96, 2.10285e-10
_534_, 31.242, 48.96, 1.36172e-10
_545_, 31.242, 48.96, 1.36172e-10
FILLER_0_15_57, 31.242, 48.96, 1.36172e-10
_562_, 53.667, 48.96, 1.23287e-10
_563_, 53.667, 48.96, 1.23287e-10
_579_, 53.667, 48.96, 1.23287e-10
FILLER_0_15_109, 53.667, 48.96, 1.23287e-10
_585_, 76.092, 48.96, 1.57527e-10
_613_, 76.092, 48.96, 1.57527e-10
_618_, 76.092, 48.96, 1.57527e-10
_619_, 76.092, 48.96, 1.57527e-10
_663_, 76.092, 48.96, 1.57527e-10
FILLER_0_13_147, 76.092, 48.96, 1.57527e-10
FILLER_0_14_153, 76.092, 48.96, 1.57527e-10
FILLER_0_15_163, 76.092, 48.96, 1.57527e-10
PHY_EDGE_ROW_11_Left_44, 5.52, 43.52, 1.95392e-10
PHY_EDGE_ROW_12_Left_45, 5.52, 43.52, 1.95392e-10
PHY_EDGE_ROW_11_Right_11, 95.22, 43.52, 1.1243e-10
PHY_EDGE_ROW_12_Right_12, 95.22, 43.52, 1.1243e-10
output21, 95.22, 43.52, 1.1243e-10
_433_, 12.775, 43.52, 1.83149e-10
_501_, 12.775, 43.52, 1.83149e-10
_502_, 12.775, 43.52, 1.83149e-10
_536_, 31.242, 43.52, 1.49343e-10
_538_, 31.242, 43.52, 1.49343e-10
_544_, 31.242, 43.52, 1.49343e-10
_559_, 31.242, 43.52, 1.49343e-10
_575_, 31.242, 43.52, 1.49343e-10
FILLER_0_11_49, 31.242, 43.52, 1.49343e-10
_564_, 53.667, 43.52, 1.31972e-10
_577_, 53.667, 43.52, 1.31972e-10
_591_, 53.667, 43.52, 1.31972e-10
_593_, 53.667, 43.52, 1.31972e-10
FILLER_0_11_103, 53.667, 43.52, 1.31972e-10
FILLER_0_13_105, 53.667, 43.52, 1.31972e-10
FILLER_0_13_113, 53.667, 43.52, 1.31972e-10
_614_, 76.092, 43.52, 1.30439e-10
_620_, 76.092, 43.52, 1.30439e-10
_642_, 76.092, 43.52, 1.30439e-10
_645_, 76.092, 43.52, 1.30439e-10
_662_, 76.092, 43.52, 1.30439e-10
FILLER_0_11_142, 76.092, 43.52, 1.30439e-10
_731_, 5.52, 38.08, 2.21327e-10
_765_, 5.52, 38.08, 2.21327e-10
PHY_EDGE_ROW_9_Left_42, 5.52, 38.08, 2.21327e-10
PHY_EDGE_ROW_10_Left_43, 5.52, 38.08, 2.21327e-10
input6, 5.52, 38.08, 2.21327e-10
PHY_EDGE_ROW_9_Right_9, 95.22, 38.08, 1.3705e-10
PHY_EDGE_ROW_10_Right_10, 95.22, 38.08, 1.3705e-10
FILLER_0_9_189, 95.22, 38.08, 1.3705e-10
FILLER_0_10_188, 95.22, 38.08, 1.3705e-10
_730_, 12.775, 38.08, 1.8869e-10
FILLER_0_10_19, 12.775, 38.08, 1.8869e-10
FILLER_0_11_19, 12.775, 38.08, 1.8869e-10
_537_, 31.242, 38.08, 1.22128e-10
_599_, 53.667, 38.08, 1.29341e-10
_600_, 53.667, 38.08, 1.29341e-10
_609_, 53.667, 38.08, 1.29341e-10
_610_, 53.667, 38.08, 1.29341e-10
FILLER_0_9_102, 53.667, 38.08, 1.29341e-10
FILLER_0_10_109, 53.667, 38.08, 1.29341e-10
FILLER_0_11_113, 53.667, 38.08, 1.29341e-10
_644_, 76.092, 38.08, 1.21839e-10
_646_, 76.092, 38.08, 1.21839e-10
FILLER_0_10_145, 76.092, 38.08, 1.21839e-10
FILLER_0_11_164, 76.092, 38.08, 1.21839e-10
_766_, 5.52, 32.64, 2.36508e-10
PHY_EDGE_ROW_7_Left_40, 5.52, 32.64, 2.36508e-10
PHY_EDGE_ROW_8_Left_41, 5.52, 32.64, 2.36508e-10
FILLER_0_8_3, 5.52, 32.64, 2.36508e-10
PHY_EDGE_ROW_7_Right_7, 95.22, 32.64, 1.2572e-10
PHY_EDGE_ROW_8_Right_8, 95.22, 32.64, 1.2572e-10
output22, 95.22, 32.64, 1.2572e-10
_732_, 12.775, 32.64, 2.02215e-10
_733_, 12.775, 32.64, 2.02215e-10
FILLER_0_8_23, 12.775, 32.64, 2.02215e-10
_566_, 31.242, 32.64, 1.72516e-10
_567_, 31.242, 32.64, 1.72516e-10
_570_, 31.242, 32.64, 1.72516e-10
_571_, 31.242, 32.64, 1.72516e-10
_572_, 31.242, 32.64, 1.72516e-10
_573_, 31.242, 32.64, 1.72516e-10
_594_, 31.242, 32.64, 1.72516e-10
FILLER_0_7_46, 31.242, 32.64, 1.72516e-10
FILLER_0_8_67, 31.242, 32.64, 1.72516e-10
FILLER_0_9_57, 31.242, 32.64, 1.72516e-10
_598_, 53.667, 32.64, 1.29377e-10
_608_, 53.667, 32.64, 1.29377e-10
_638_, 53.667, 32.64, 1.29377e-10
FILLER_0_8_99, 53.667, 32.64, 1.29377e-10
_661_, 76.092, 32.64, 1.39516e-10
_664_, 76.092, 32.64, 1.39516e-10
_665_, 76.092, 32.64, 1.39516e-10
_666_, 76.092, 32.64, 1.39516e-10
_667_, 76.092, 32.64, 1.39516e-10
_679_, 76.092, 32.64, 1.39516e-10
FILLER_0_9_161, 76.092, 32.64, 1.39516e-10
PHY_EDGE_ROW_5_Left_38, 5.52, 27.2, 2.45605e-10
PHY_EDGE_ROW_6_Left_39, 5.52, 27.2, 2.45605e-10
input7, 5.52, 27.2, 2.45605e-10
input8, 5.52, 27.2, 2.45605e-10
FILLER_0_6_6, 5.52, 27.2, 2.45605e-10
FILLER_0_7_6, 5.52, 27.2, 2.45605e-10
PHY_EDGE_ROW_5_Right_5, 95.22, 27.2, 1.20668e-10
PHY_EDGE_ROW_6_Right_6, 95.22, 27.2, 1.20668e-10
output23, 95.22, 27.2, 1.20668e-10
FILLER_0_5_189, 95.22, 27.2, 1.20668e-10
_709_, 12.775, 27.2, 2.16652e-10
_734_, 12.775, 27.2, 2.16652e-10
_735_, 12.775, 27.2, 2.16652e-10
_767_, 12.775, 27.2, 2.16652e-10
FILLER_0_6_23, 12.775, 27.2, 2.16652e-10
_627_, 31.242, 27.2, 1.30783e-10
FILLER_0_5_44, 31.242, 27.2, 1.30783e-10
_623_, 53.667, 27.2, 1.28845e-10
_624_, 53.667, 27.2, 1.28845e-10
_625_, 53.667, 27.2, 1.28845e-10
_635_, 53.667, 27.2, 1.28845e-10
_636_, 53.667, 27.2, 1.28845e-10
_647_, 53.667, 27.2, 1.28845e-10
FILLER_0_5_101, 53.667, 27.2, 1.28845e-10
_678_, 76.092, 27.2, 1.08653e-10
_680_, 76.092, 27.2, 1.08653e-10
_688_, 76.092, 27.2, 1.08653e-10
FILLER_0_6_146, 76.092, 27.2, 1.08653e-10
PHY_EDGE_ROW_3_Left_36, 5.52, 21.76, 1.2791e-10
PHY_EDGE_ROW_4_Left_37, 5.52, 21.76, 1.2791e-10
FILLER_0_5_3, 5.52, 21.76, 1.2791e-10
PHY_EDGE_ROW_3_Right_3, 95.22, 21.76, 1.28893e-10
PHY_EDGE_ROW_4_Right_4, 95.22, 21.76, 1.28893e-10
FILLER_0_3_189, 95.22, 21.76, 1.28893e-10
FILLER_0_4_189, 95.22, 21.76, 1.28893e-10
_602_, 31.242, 21.76, 1.19693e-10
_603_, 31.242, 21.76, 1.19693e-10
_604_, 31.242, 21.76, 1.19693e-10
_605_, 31.242, 21.76, 1.19693e-10
FILLER_0_3_51, 31.242, 21.76, 1.19693e-10
FILLER_0_5_68, 31.242, 21.76, 1.19693e-10
_626_, 53.667, 21.76, 1.17385e-10
_651_, 53.667, 21.76, 1.17385e-10
_670_, 53.667, 21.76, 1.17385e-10
FILLER_0_5_113, 53.667, 21.76, 1.17385e-10
_681_, 76.092, 21.76, 1.20553e-10
_689_, 76.092, 21.76, 1.20553e-10
_691_, 76.092, 21.76, 1.20553e-10
FILLER_0_3_144, 76.092, 21.76, 1.20553e-10
FILLER_0_4_145, 76.092, 21.76, 1.20553e-10
FILLER_0_5_164, 76.092, 21.76, 1.20553e-10
PHY_EDGE_ROW_1_Left_34, 5.52, 16.32, 1.12708e-10
PHY_EDGE_ROW_2_Left_35, 5.52, 16.32, 1.12708e-10
PHY_EDGE_ROW_1_Right_1, 95.22, 16.32, 1.76493e-10
PHY_EDGE_ROW_2_Right_2, 95.22, 16.32, 1.76493e-10
output24, 95.22, 16.32, 1.76493e-10
FILLER_0_1_189, 95.22, 16.32, 1.76493e-10
_714_, 31.242, 16.32, 1.41963e-10
_717_, 31.242, 16.32, 1.41963e-10
_719_, 31.242, 16.32, 1.41963e-10
_757_, 31.242, 16.32, 1.41963e-10
_759_, 31.242, 16.32, 1.41963e-10
_650_, 53.667, 16.32, 1.78118e-10
_652_, 53.667, 16.32, 1.78118e-10
_653_, 53.667, 16.32, 1.78118e-10
_669_, 53.667, 16.32, 1.78118e-10
_674_, 53.667, 16.32, 1.78118e-10
_683_, 53.667, 16.32, 1.78118e-10
_687_, 76.092, 16.32, 2.33653e-10
_690_, 76.092, 16.32, 2.33653e-10
_692_, 76.092, 16.32, 2.33653e-10
_702_, 76.092, 16.32, 2.33653e-10
_750_, 76.092, 16.32, 2.33653e-10
_751_, 76.092, 16.32, 2.33653e-10
FILLER_0_2_157, 76.092, 16.32, 2.33653e-10
FILLER_0_3_162, 76.092, 16.32, 2.33653e-10
PHY_EDGE_ROW_0_Left_33, 5.52, 10.88, 9.88348e-11
PHY_EDGE_ROW_0_Right_0, 95.22, 10.88, 9.48665e-11
FILLER_0_0_189, 95.22, 10.88, 9.48665e-11
_758_, 31.242, 10.88, 1.15293e-10
input14, 31.242, 10.88, 1.15293e-10
FILLER_0_0_49, 31.242, 10.88, 1.15293e-10
FILLER_0_1_57, 31.242, 10.88, 1.15293e-10
_649_, 53.667, 10.88, 1.06883e-10
_672_, 53.667, 10.88, 1.06883e-10
FILLER_0_0_109, 53.667, 10.88, 1.06883e-10
FILLER_0_1_113, 53.667, 10.88, 1.06883e-10
output25, 76.092, 10.88, 1.01633e-10
FILLER_0_0_153, 76.092, 10.88, 1.01633e-10
FILLER_0_0_161, 76.092, 10.88, 1.01633e-10
FILLER_0_1_163, 76.092, 10.88, 1.01633e-10

