#! /usr/bin/vvp
:ivl_version "11.0 (stable)";
:ivl_delay_selection "TYPICAL";
:vpi_time_precision - 12;
:vpi_module "/usr/lib/x86_64-linux-gnu/ivl/system.vpi";
:vpi_module "/usr/lib/x86_64-linux-gnu/ivl/vhdl_sys.vpi";
:vpi_module "/usr/lib/x86_64-linux-gnu/ivl/vhdl_textio.vpi";
:vpi_module "/usr/lib/x86_64-linux-gnu/ivl/v2005_math.vpi";
:vpi_module "/usr/lib/x86_64-linux-gnu/ivl/va_math.vpi";
S_0x5870d9830de0 .scope module, "multiplier" "multiplier" 2 3;
 .timescale -12 -12;
    .port_info 0 /INPUT 1 "clk";
    .port_info 1 /INPUT 1 "reset";
    .port_info 2 /INPUT 8 "a";
    .port_info 3 /INPUT 8 "b";
    .port_info 4 /OUTPUT 16 "out";
o0x75678b498018 .functor BUFZ 8, C4<zzzzzzzz>; HiZ drive
v0x5870d9832ba0_0 .net "a", 7 0, o0x75678b498018;  0 drivers
o0x75678b498048 .functor BUFZ 8, C4<zzzzzzzz>; HiZ drive
v0x5870d9879f60_0 .net "b", 7 0, o0x75678b498048;  0 drivers
o0x75678b498078 .functor BUFZ 1, C4<z>; HiZ drive
v0x5870d987a040_0 .net "clk", 0 0, o0x75678b498078;  0 drivers
v0x5870d987a110_0 .var "out", 15 0;
o0x75678b4980d8 .functor BUFZ 1, C4<z>; HiZ drive
v0x5870d987a1f0_0 .net "reset", 0 0, o0x75678b4980d8;  0 drivers
v0x5870d987a300_0 .var "temp_a", 7 0;
v0x5870d987a3e0_0 .var "temp_b", 7 0;
E_0x5870d986a630 .event posedge, v0x5870d987a1f0_0, v0x5870d987a040_0;
    .scope S_0x5870d9830de0;
T_0 ;
    %wait E_0x5870d986a630;
    %load/vec4 v0x5870d987a1f0_0;
    %flag_set/vec4 8;
    %jmp/0xz  T_0.0, 8;
    %pushi/vec4 0, 0, 16;
    %assign/vec4 v0x5870d987a110_0, 0;
    %jmp T_0.1;
T_0.0 ;
    %load/vec4 v0x5870d9832ba0_0;
    %assign/vec4 v0x5870d987a300_0, 0;
    %load/vec4 v0x5870d9879f60_0;
    %assign/vec4 v0x5870d987a3e0_0, 0;
    %load/vec4 v0x5870d987a300_0;
    %pad/u 16;
    %load/vec4 v0x5870d987a3e0_0;
    %pad/u 16;
    %mul;
    %assign/vec4 v0x5870d987a110_0, 0;
T_0.1 ;
    %jmp T_0;
    .thread T_0;
# The file index is used to find the file name in the following table.
:file_names 3;
    "N/A";
    "<interactive>";
    "multiplier.v";
