Mon May 27 20:56:28 UTC 2024 - Executing "{openroad -exit -no_init -python /openlane/scripts/odbpy/lefutil.py get_metal_layers -o /openlane/designs/pipelined_multiplier/runs/RUN_2024.05.27_20.56.28/tmp/layers.list /home/satvik/.volare/sky130A/libs.ref/sky130_fd_sc_hd/techlef/sky130_fd_sc_hd__nom.tlef}"

Mon May 27 20:56:28 UTC 2024 - Executing "{/openlane/scripts/mergeLef.py -o /openlane/designs/pipelined_multiplier/runs/RUN_2024.05.27_20.56.28/tmp/merged.nom.lef -i /home/satvik/.volare/sky130A/libs.ref/sky130_fd_sc_hd/techlef/sky130_fd_sc_hd__nom.tlef {/home/satvik/.volare/sky130A/libs.ref/sky130_fd_sc_hd/lef/sky130_ef_sc_hd.lef /home/satvik/.volare/sky130A/libs.ref/sky130_fd_sc_hd/lef/sky130_fd_sc_hd.lef} |& tee /dev/null}"

Mon May 27 20:56:29 UTC 2024 - Executing "{/openlane/scripts/mergeLef.py -o /openlane/designs/pipelined_multiplier/runs/RUN_2024.05.27_20.56.28/tmp/merged.min.lef -i /home/satvik/.volare/sky130A/libs.ref/sky130_fd_sc_hd/techlef/sky130_fd_sc_hd__min.tlef {/home/satvik/.volare/sky130A/libs.ref/sky130_fd_sc_hd/lef/sky130_ef_sc_hd.lef /home/satvik/.volare/sky130A/libs.ref/sky130_fd_sc_hd/lef/sky130_fd_sc_hd.lef} |& tee /dev/null}"

Mon May 27 20:56:29 UTC 2024 - Executing "{/openlane/scripts/mergeLef.py -o /openlane/designs/pipelined_multiplier/runs/RUN_2024.05.27_20.56.28/tmp/merged.max.lef -i /home/satvik/.volare/sky130A/libs.ref/sky130_fd_sc_hd/techlef/sky130_fd_sc_hd__max.tlef {/home/satvik/.volare/sky130A/libs.ref/sky130_fd_sc_hd/lef/sky130_ef_sc_hd.lef /home/satvik/.volare/sky130A/libs.ref/sky130_fd_sc_hd/lef/sky130_fd_sc_hd.lef} |& tee /dev/null}"

Mon May 27 20:56:29 UTC 2024 - Executing "{python3 /openlane/scripts/mergeLib.py --output /openlane/designs/pipelined_multiplier/runs/RUN_2024.05.27_20.56.28/tmp/synthesis/merged.lib --name sky130A_merged /home/satvik/.volare/sky130A/libs.ref/sky130_fd_sc_hd/lib/sky130_fd_sc_hd__tt_025C_1v80.lib}"

Mon May 27 20:56:29 UTC 2024 - Executing "{python3 /openlane/scripts/libtrim.py --cell-file /openlane/designs/pipelined_multiplier/runs/RUN_2024.05.27_20.56.28/tmp/synthesis/trimmed.lib.exclude.list --output /openlane/designs/pipelined_multiplier/runs/RUN_2024.05.27_20.56.28/tmp/synthesis/trimmed.lib /openlane/designs/pipelined_multiplier/runs/RUN_2024.05.27_20.56.28/tmp/synthesis/merged.lib}"

Mon May 27 20:56:29 UTC 2024 - Executing "{python3 /openlane/scripts/libtrim.py --cell-file /openlane/designs/pipelined_multiplier/runs/RUN_2024.05.27_20.56.28/tmp/cts/cts.lib.exclude.list --output /openlane/designs/pipelined_multiplier/runs/RUN_2024.05.27_20.56.28/tmp/cts/cts.lib /home/satvik/.volare/sky130A/libs.ref/sky130_fd_sc_hd/lib/sky130_fd_sc_hd__tt_025C_1v80.lib}"

Mon May 27 20:56:29 UTC 2024 - Executing "{python3 /openlane/scripts/libtrim.py --cell-file /openlane/designs/pipelined_multiplier/runs/RUN_2024.05.27_20.56.28/tmp/cts/cts-fastest.lib.exclude.list --output /openlane/designs/pipelined_multiplier/runs/RUN_2024.05.27_20.56.28/tmp/cts/cts-fastest.lib /home/satvik/.volare/sky130A/libs.ref/sky130_fd_sc_hd/lib/sky130_fd_sc_hd__ff_n40C_1v95.lib}"

Mon May 27 20:56:30 UTC 2024 - Executing "{python3 /openlane/scripts/libtrim.py --cell-file /openlane/designs/pipelined_multiplier/runs/RUN_2024.05.27_20.56.28/tmp/cts/cts-slowest.lib.exclude.list --output /openlane/designs/pipelined_multiplier/runs/RUN_2024.05.27_20.56.28/tmp/cts/cts-slowest.lib /home/satvik/.volare/sky130A/libs.ref/sky130_fd_sc_hd/lib/sky130_fd_sc_hd__ss_100C_1v60.lib}"

Mon May 27 20:56:30 UTC 2024 - Executing "{python3 /openlane/scripts/new_tracks.py -i /home/satvik/.volare/sky130A/libs.tech/openlane/sky130_fd_sc_hd/tracks.info -o /openlane/designs/pipelined_multiplier/runs/RUN_2024.05.27_20.56.28/tmp/routing/config.tracks}"

Mon May 27 20:56:30 UTC 2024 - Executing "{echo {OpenLane 2719508edbb579ab7317d1e0942b774d8d4aa214} > /openlane/designs/pipelined_multiplier/runs/RUN_2024.05.27_20.56.28/OPENLANE_VERSION}"

Mon May 27 20:56:30 UTC 2024 - Executing "{sed -E {s/^([[:space:]]+)pg_pin(.*)/\1pin\2\n\1    direction : "inout";/g} /home/satvik/.volare/sky130A/libs.ref/sky130_fd_sc_hd/lib/sky130_fd_sc_hd__tt_025C_1v80.lib > /openlane/designs/pipelined_multiplier/runs/RUN_2024.05.27_20.56.28/tmp/synthesis/1-sky130_fd_sc_hd__tt_025C_1v80.no_pg.lib}"

Mon May 27 20:56:30 UTC 2024 - Executing "{sed -E {s/^([[:space:]]+)pg_pin(.*)/\1pin\2\n\1    direction : "inout";/g} /openlane/designs/pipelined_multiplier/runs/RUN_2024.05.27_20.56.28/tmp/synthesis/trimmed.lib > /openlane/designs/pipelined_multiplier/runs/RUN_2024.05.27_20.56.28/tmp/synthesis/1-trimmed.no_pg.lib}"

Mon May 27 20:56:30 UTC 2024 - Executing "yosys -c /openlane/scripts/yosys/synth.tcl |& tee /dev/null /openlane/designs/pipelined_multiplier/runs/RUN_2024.05.27_20.56.28/logs/synthesis/1-synthesis.log"

Mon May 27 20:56:30 UTC 2024 - Executing "{yosys -c /openlane/scripts/yosys/synth.tcl |& tee /dev/null /openlane/designs/pipelined_multiplier/runs/RUN_2024.05.27_20.56.28/logs/synthesis/1-synthesis.log}"

Mon May 27 20:56:31 UTC 2024 - Executing "{sed -i.bak -e {s/\(set ::env(CURRENT_NETLIST)\).*/\1 \/openlane\/designs\/pipelined_multiplier\/runs\/RUN_2024.05.27_20.56.28\/results\/synthesis\/pipelined_multiplier.v/} /openlane/designs/pipelined_multiplier/runs/RUN_2024.05.27_20.56.28/config.tcl}"

Mon May 27 20:56:31 UTC 2024 - Executing "{sed -i.bak /defparam/d /openlane/designs/pipelined_multiplier/runs/RUN_2024.05.27_20.56.28/results/synthesis/pipelined_multiplier.v}"

Mon May 27 20:56:32 UTC 2024 - Executing "sta -exit -no_init /openlane/scripts/openroad/sta/multi_corner.tcl |& tee /dev/null /openlane/designs/pipelined_multiplier/runs/RUN_2024.05.27_20.56.28/logs/synthesis/2-sta.log"

Mon May 27 20:56:32 UTC 2024 - Executing "{sta -exit -no_init /openlane/scripts/openroad/sta/multi_corner.tcl |& tee /dev/null /openlane/designs/pipelined_multiplier/runs/RUN_2024.05.27_20.56.28/logs/synthesis/2-sta.log}"

Mon May 27 20:56:32 UTC 2024 - Executing "openroad -exit /openlane/scripts/openroad/floorplan.tcl |& tee /dev/null /openlane/designs/pipelined_multiplier/runs/RUN_2024.05.27_20.56.28/logs/floorplan/3-initial_fp.log"

Mon May 27 20:56:32 UTC 2024 - Executing "{openroad -exit /openlane/scripts/openroad/floorplan.tcl |& tee /dev/null /openlane/designs/pipelined_multiplier/runs/RUN_2024.05.27_20.56.28/logs/floorplan/3-initial_fp.log}"

Mon May 27 20:56:32 UTC 2024 - Executing "{openroad -exit -no_init -python /openlane/scripts/odbpy/snap_to_grid.py --output /openlane/designs/pipelined_multiplier/runs/RUN_2024.05.27_20.56.28/tmp/floorplan/3-minimized_pdn.txt --input-lef /openlane/designs/pipelined_multiplier/runs/RUN_2024.05.27_20.56.28/tmp/merged.nom.lef 11.2125 11.22 22.425 22.44}"

Mon May 27 20:56:33 UTC 2024 - Executing "{openroad -exit -no_init -python /openlane/scripts/odbpy/defutil.py extract_core_dims --output-data /openlane/designs/pipelined_multiplier/runs/RUN_2024.05.27_20.56.28/tmp/dimensions.txt --input-lef /openlane/designs/pipelined_multiplier/runs/RUN_2024.05.27_20.56.28/tmp/merged.nom.lef /openlane/designs/pipelined_multiplier/runs/RUN_2024.05.27_20.56.28/tmp/floorplan/3-initial_fp.def}"

Mon May 27 20:56:33 UTC 2024 - Executing "openroad -exit /openlane/scripts/openroad/ioplacer.tcl |& tee /dev/null /openlane/designs/pipelined_multiplier/runs/RUN_2024.05.27_20.56.28/logs/floorplan/4-io.log"

Mon May 27 20:56:33 UTC 2024 - Executing "{openroad -exit /openlane/scripts/openroad/ioplacer.tcl |& tee /dev/null /openlane/designs/pipelined_multiplier/runs/RUN_2024.05.27_20.56.28/logs/floorplan/4-io.log}"

Mon May 27 20:56:33 UTC 2024 - Executing "openroad -exit /openlane/scripts/openroad/tapcell.tcl |& tee /dev/null /openlane/designs/pipelined_multiplier/runs/RUN_2024.05.27_20.56.28/logs/floorplan/5-tap.log"

Mon May 27 20:56:33 UTC 2024 - Executing "{openroad -exit /openlane/scripts/openroad/tapcell.tcl |& tee /dev/null /openlane/designs/pipelined_multiplier/runs/RUN_2024.05.27_20.56.28/logs/floorplan/5-tap.log}"

Mon May 27 20:56:34 UTC 2024 - Executing "openroad -exit /openlane/scripts/openroad/pdn.tcl |& tee /dev/null /openlane/designs/pipelined_multiplier/runs/RUN_2024.05.27_20.56.28/logs/floorplan/6-pdn.log"

Mon May 27 20:56:34 UTC 2024 - Executing "{openroad -exit /openlane/scripts/openroad/pdn.tcl |& tee /dev/null /openlane/designs/pipelined_multiplier/runs/RUN_2024.05.27_20.56.28/logs/floorplan/6-pdn.log}"

Mon May 27 20:56:34 UTC 2024 - Executing "openroad -exit /openlane/scripts/openroad/gpl.tcl |& tee /dev/null /openlane/designs/pipelined_multiplier/runs/RUN_2024.05.27_20.56.28/logs/placement/6-global_skip_io.log"

Mon May 27 20:56:34 UTC 2024 - Executing "{openroad -exit /openlane/scripts/openroad/gpl.tcl |& tee /dev/null /openlane/designs/pipelined_multiplier/runs/RUN_2024.05.27_20.56.28/logs/placement/6-global_skip_io.log}"

Mon May 27 20:56:34 UTC 2024 - Executing "{sed -i.bak -e {s/\(set ::env(CURRENT_NETLIST)\).*/\1 \/openlane\/designs\/pipelined_multiplier\/runs\/RUN_2024.05.27_20.56.28\/tmp\/placement\/7-global_skip_io.nl.v/} /openlane/designs/pipelined_multiplier/runs/RUN_2024.05.27_20.56.28/config.tcl}"

Mon May 27 20:56:34 UTC 2024 - Executing "openroad -exit /openlane/scripts/openroad/sta/multi_corner.tcl |& tee /dev/null /openlane/designs/pipelined_multiplier/runs/RUN_2024.05.27_20.56.28/logs/placement/8-gpl_sta.log"

Mon May 27 20:56:34 UTC 2024 - Executing "{openroad -exit /openlane/scripts/openroad/sta/multi_corner.tcl |& tee /dev/null /openlane/designs/pipelined_multiplier/runs/RUN_2024.05.27_20.56.28/logs/placement/8-gpl_sta.log}"

Mon May 27 20:56:35 UTC 2024 - Executing "openroad -exit /openlane/scripts/openroad/ioplacer.tcl |& tee /dev/null /openlane/designs/pipelined_multiplier/runs/RUN_2024.05.27_20.56.28/logs/placement/9-io.log"

Mon May 27 20:56:35 UTC 2024 - Executing "{openroad -exit /openlane/scripts/openroad/ioplacer.tcl |& tee /dev/null /openlane/designs/pipelined_multiplier/runs/RUN_2024.05.27_20.56.28/logs/placement/9-io.log}"

Mon May 27 20:56:35 UTC 2024 - Executing "openroad -exit /openlane/scripts/openroad/gpl.tcl |& tee /dev/null /openlane/designs/pipelined_multiplier/runs/RUN_2024.05.27_20.56.28/logs/placement/9-global.log"

Mon May 27 20:56:35 UTC 2024 - Executing "{openroad -exit /openlane/scripts/openroad/gpl.tcl |& tee /dev/null /openlane/designs/pipelined_multiplier/runs/RUN_2024.05.27_20.56.28/logs/placement/9-global.log}"

Mon May 27 20:56:36 UTC 2024 - Executing "{sed -i.bak -e {s/\(set ::env(CURRENT_NETLIST)\).*/\1 \/openlane\/designs\/pipelined_multiplier\/runs\/RUN_2024.05.27_20.56.28\/tmp\/placement\/10-global.nl.v/} /openlane/designs/pipelined_multiplier/runs/RUN_2024.05.27_20.56.28/config.tcl}"

Mon May 27 20:56:36 UTC 2024 - Executing "openroad -exit /openlane/scripts/openroad/sta/multi_corner.tcl |& tee /dev/null /openlane/designs/pipelined_multiplier/runs/RUN_2024.05.27_20.56.28/logs/placement/11-gpl_sta.log"

Mon May 27 20:56:36 UTC 2024 - Executing "{openroad -exit /openlane/scripts/openroad/sta/multi_corner.tcl |& tee /dev/null /openlane/designs/pipelined_multiplier/runs/RUN_2024.05.27_20.56.28/logs/placement/11-gpl_sta.log}"

Mon May 27 20:56:36 UTC 2024 - Executing "openroad -exit /openlane/scripts/openroad/resizer.tcl |& tee /dev/null /openlane/designs/pipelined_multiplier/runs/RUN_2024.05.27_20.56.28/logs/placement/12-resizer.log"

Mon May 27 20:56:36 UTC 2024 - Executing "{openroad -exit /openlane/scripts/openroad/resizer.tcl |& tee /dev/null /openlane/designs/pipelined_multiplier/runs/RUN_2024.05.27_20.56.28/logs/placement/12-resizer.log}"

Mon May 27 20:56:37 UTC 2024 - Executing "{sed -i.bak -e {s/\(set ::env(CURRENT_NETLIST)\).*/\1 \/openlane\/designs\/pipelined_multiplier\/runs\/RUN_2024.05.27_20.56.28\/tmp\/placement\/12-resizer.nl.v/} /openlane/designs/pipelined_multiplier/runs/RUN_2024.05.27_20.56.28/config.tcl}"

Mon May 27 20:56:37 UTC 2024 - Executing "openroad -exit /openlane/scripts/openroad/dpl.tcl |& tee /dev/null /openlane/designs/pipelined_multiplier/runs/RUN_2024.05.27_20.56.28/logs/placement/13-detailed.log"

Mon May 27 20:56:37 UTC 2024 - Executing "{openroad -exit /openlane/scripts/openroad/dpl.tcl |& tee /dev/null /openlane/designs/pipelined_multiplier/runs/RUN_2024.05.27_20.56.28/logs/placement/13-detailed.log}"

Mon May 27 20:56:38 UTC 2024 - Executing "{sed -i.bak -e {s/\(set ::env(CURRENT_NETLIST)\).*/\1 \/openlane\/designs\/pipelined_multiplier\/runs\/RUN_2024.05.27_20.56.28\/results\/placement\/pipelined_multiplier.nl.v/} /openlane/designs/pipelined_multiplier/runs/RUN_2024.05.27_20.56.28/config.tcl}"

Mon May 27 20:56:38 UTC 2024 - Executing "openroad -exit /openlane/scripts/openroad/sta/multi_corner.tcl |& tee /dev/null /openlane/designs/pipelined_multiplier/runs/RUN_2024.05.27_20.56.28/logs/placement/14-dpl_sta.log"

Mon May 27 20:56:38 UTC 2024 - Executing "{openroad -exit /openlane/scripts/openroad/sta/multi_corner.tcl |& tee /dev/null /openlane/designs/pipelined_multiplier/runs/RUN_2024.05.27_20.56.28/logs/placement/14-dpl_sta.log}"

Mon May 27 20:56:38 UTC 2024 - Executing "openroad -exit /openlane/scripts/openroad/cts.tcl |& tee /dev/null /openlane/designs/pipelined_multiplier/runs/RUN_2024.05.27_20.56.28/logs/cts/15-cts.log"

Mon May 27 20:56:38 UTC 2024 - Executing "{openroad -exit /openlane/scripts/openroad/cts.tcl |& tee /dev/null /openlane/designs/pipelined_multiplier/runs/RUN_2024.05.27_20.56.28/logs/cts/15-cts.log}"

Mon May 27 20:56:43 UTC 2024 - Executing "openroad -exit /openlane/scripts/openroad/sta/multi_corner.tcl |& tee /dev/null /openlane/designs/pipelined_multiplier/runs/RUN_2024.05.27_20.56.28/logs/cts/16-cts_sta.log"

Mon May 27 20:56:43 UTC 2024 - Executing "{openroad -exit /openlane/scripts/openroad/sta/multi_corner.tcl |& tee /dev/null /openlane/designs/pipelined_multiplier/runs/RUN_2024.05.27_20.56.28/logs/cts/16-cts_sta.log}"

Mon May 27 20:56:43 UTC 2024 - Executing "openroad -exit /openlane/scripts/openroad/resizer_timing.tcl |& tee /dev/null /openlane/designs/pipelined_multiplier/runs/RUN_2024.05.27_20.56.28/logs/cts/17-resizer.log"

Mon May 27 20:56:43 UTC 2024 - Executing "{openroad -exit /openlane/scripts/openroad/resizer_timing.tcl |& tee /dev/null /openlane/designs/pipelined_multiplier/runs/RUN_2024.05.27_20.56.28/logs/cts/17-resizer.log}"

Mon May 27 20:56:44 UTC 2024 - Executing "{sed -i.bak -e {s/\(set ::env(CURRENT_NETLIST)\).*/\1 \/openlane\/designs\/pipelined_multiplier\/runs\/RUN_2024.05.27_20.56.28\/tmp\/cts\/17-pipelined_multiplier.resized.nl.v/} /openlane/designs/pipelined_multiplier/runs/RUN_2024.05.27_20.56.28/config.tcl}"

Mon May 27 20:56:44 UTC 2024 - Executing "openroad -exit /openlane/scripts/openroad/resizer_routing_design.tcl |& tee /dev/null /openlane/designs/pipelined_multiplier/runs/RUN_2024.05.27_20.56.28/logs/routing/18-resizer_design.log"

Mon May 27 20:56:44 UTC 2024 - Executing "{openroad -exit /openlane/scripts/openroad/resizer_routing_design.tcl |& tee /dev/null /openlane/designs/pipelined_multiplier/runs/RUN_2024.05.27_20.56.28/logs/routing/18-resizer_design.log}"

Mon May 27 20:56:46 UTC 2024 - Executing "{sed -i.bak -e {s/\(set ::env(CURRENT_NETLIST)\).*/\1 \/openlane\/designs\/pipelined_multiplier\/runs\/RUN_2024.05.27_20.56.28\/tmp\/18-pipelined_multiplier.nl.v/} /openlane/designs/pipelined_multiplier/runs/RUN_2024.05.27_20.56.28/config.tcl}"

Mon May 27 20:56:46 UTC 2024 - Executing "openroad -exit /openlane/scripts/openroad/sta/multi_corner.tcl |& tee /dev/null /openlane/designs/pipelined_multiplier/runs/RUN_2024.05.27_20.56.28/logs/routing/19-rsz_design_sta.log"

Mon May 27 20:56:46 UTC 2024 - Executing "{openroad -exit /openlane/scripts/openroad/sta/multi_corner.tcl |& tee /dev/null /openlane/designs/pipelined_multiplier/runs/RUN_2024.05.27_20.56.28/logs/routing/19-rsz_design_sta.log}"

Mon May 27 20:56:46 UTC 2024 - Executing "openroad -exit /openlane/scripts/openroad/resizer_routing_timing.tcl |& tee /dev/null /openlane/designs/pipelined_multiplier/runs/RUN_2024.05.27_20.56.28/logs/routing/20-resizer_timing.log"

Mon May 27 20:56:46 UTC 2024 - Executing "{openroad -exit /openlane/scripts/openroad/resizer_routing_timing.tcl |& tee /dev/null /openlane/designs/pipelined_multiplier/runs/RUN_2024.05.27_20.56.28/logs/routing/20-resizer_timing.log}"

Mon May 27 20:56:48 UTC 2024 - Executing "{sed -i.bak -e {s/\(set ::env(CURRENT_NETLIST)\).*/\1 \/openlane\/designs\/pipelined_multiplier\/runs\/RUN_2024.05.27_20.56.28\/tmp\/20-pipelined_multiplier.nl.v/} /openlane/designs/pipelined_multiplier/runs/RUN_2024.05.27_20.56.28/config.tcl}"

Mon May 27 20:56:48 UTC 2024 - Executing "openroad -exit /openlane/scripts/openroad/sta/multi_corner.tcl |& tee /dev/null /openlane/designs/pipelined_multiplier/runs/RUN_2024.05.27_20.56.28/logs/routing/21-rsz_timing_sta.log"

Mon May 27 20:56:48 UTC 2024 - Executing "{openroad -exit /openlane/scripts/openroad/sta/multi_corner.tcl |& tee /dev/null /openlane/designs/pipelined_multiplier/runs/RUN_2024.05.27_20.56.28/logs/routing/21-rsz_timing_sta.log}"

Mon May 27 20:56:48 UTC 2024 - Executing "openroad -exit /openlane/scripts/openroad/repair_antennas.tcl |& tee /dev/null /openlane/designs/pipelined_multiplier/runs/RUN_2024.05.27_20.56.28/logs/routing/22-global.log"

Mon May 27 20:56:48 UTC 2024 - Executing "{openroad -exit /openlane/scripts/openroad/repair_antennas.tcl |& tee /dev/null /openlane/designs/pipelined_multiplier/runs/RUN_2024.05.27_20.56.28/logs/routing/22-global.log}"

Mon May 27 20:56:48 UTC 2024 - Executing "openroad -exit /openlane/scripts/openroad/write_views.tcl |& tee /dev/null /openlane/designs/pipelined_multiplier/runs/RUN_2024.05.27_20.56.28/logs/routing/22-global_write_netlist.log"

Mon May 27 20:56:48 UTC 2024 - Executing "{openroad -exit /openlane/scripts/openroad/write_views.tcl |& tee /dev/null /openlane/designs/pipelined_multiplier/runs/RUN_2024.05.27_20.56.28/logs/routing/22-global_write_netlist.log}"

Mon May 27 20:56:49 UTC 2024 - Executing "{sed -i.bak -e {s/\(set ::env(CURRENT_NETLIST)\).*/\1 \/openlane\/designs\/pipelined_multiplier\/runs\/RUN_2024.05.27_20.56.28\/tmp\/routing\/global.nl.v/} /openlane/designs/pipelined_multiplier/runs/RUN_2024.05.27_20.56.28/config.tcl}"

Mon May 27 20:56:49 UTC 2024 - Executing "openroad -exit /openlane/scripts/openroad/sta/multi_corner.tcl |& tee /dev/null /openlane/designs/pipelined_multiplier/runs/RUN_2024.05.27_20.56.28/logs/routing/24-grt_sta.log"

Mon May 27 20:56:49 UTC 2024 - Executing "{openroad -exit /openlane/scripts/openroad/sta/multi_corner.tcl |& tee /dev/null /openlane/designs/pipelined_multiplier/runs/RUN_2024.05.27_20.56.28/logs/routing/24-grt_sta.log}"

Mon May 27 20:56:49 UTC 2024 - Executing "openroad -exit /openlane/scripts/openroad/fill.tcl |& tee /dev/null /openlane/designs/pipelined_multiplier/runs/RUN_2024.05.27_20.56.28/logs/routing/25-fill.log"

Mon May 27 20:56:49 UTC 2024 - Executing "{openroad -exit /openlane/scripts/openroad/fill.tcl |& tee /dev/null /openlane/designs/pipelined_multiplier/runs/RUN_2024.05.27_20.56.28/logs/routing/25-fill.log}"

Mon May 27 20:56:50 UTC 2024 - Executing "{sed -i.bak -e {s/\(set ::env(CURRENT_NETLIST)\).*/\1 \/openlane\/designs\/pipelined_multiplier\/runs\/RUN_2024.05.27_20.56.28\/tmp\/routing\/25-fill.nl.v/} /openlane/designs/pipelined_multiplier/runs/RUN_2024.05.27_20.56.28/config.tcl}"

Mon May 27 20:56:50 UTC 2024 - Executing "openroad -exit -metrics /openlane/designs/pipelined_multiplier/runs/RUN_2024.05.27_20.56.28/reports/routing/26-drt_metrics.json /openlane/scripts/openroad/droute.tcl |& tee /dev/null /openlane/designs/pipelined_multiplier/runs/RUN_2024.05.27_20.56.28/logs/routing/26-detailed.log"

Mon May 27 20:56:50 UTC 2024 - Executing "{openroad -exit -metrics /openlane/designs/pipelined_multiplier/runs/RUN_2024.05.27_20.56.28/reports/routing/26-drt_metrics.json /openlane/scripts/openroad/droute.tcl |& tee /dev/null /openlane/designs/pipelined_multiplier/runs/RUN_2024.05.27_20.56.28/logs/routing/26-detailed.log}"

Mon May 27 20:57:10 UTC 2024 - Executing "{sed -i.bak -e {s/\(set ::env(CURRENT_NETLIST)\).*/\1 \/openlane\/designs\/pipelined_multiplier\/runs\/RUN_2024.05.27_20.56.28\/results\/routing\/pipelined_multiplier.nl.v/} /openlane/designs/pipelined_multiplier/runs/RUN_2024.05.27_20.56.28/config.tcl}"

Mon May 27 20:57:10 UTC 2024 - Executing "{python3 /openlane/scripts/drc_rosetta.py tr to_klayout -o /openlane/designs/pipelined_multiplier/runs/RUN_2024.05.27_20.56.28/reports/routing/drt.klayout.xml --design-name pipelined_multiplier /openlane/designs/pipelined_multiplier/runs/RUN_2024.05.27_20.56.28/reports/routing/drt.drc}"

Mon May 27 20:57:10 UTC 2024 - Executing "{openroad -exit -no_init -python /openlane/scripts/odbpy/wire_lengths.py --report-out /openlane/designs/pipelined_multiplier/runs/RUN_2024.05.27_20.56.28/reports/routing/27-wire_lengths.csv --input-lef /openlane/designs/pipelined_multiplier/runs/RUN_2024.05.27_20.56.28/tmp/merged.nom.lef --output-def /dev/null --output /openlane/designs/pipelined_multiplier/runs/RUN_2024.05.27_20.56.28/results/routing/pipelined_multiplier.odb /openlane/designs/pipelined_multiplier/runs/RUN_2024.05.27_20.56.28/results/routing/pipelined_multiplier.odb |& tee /dev/null /openlane/designs/pipelined_multiplier/runs/RUN_2024.05.27_20.56.28/logs/routing/27-wire_lengths.log}"

Mon May 27 20:57:10 UTC 2024 - Executing "openroad -exit /openlane/scripts/openroad/rcx.tcl |& tee /dev/null /openlane/designs/pipelined_multiplier/runs/RUN_2024.05.27_20.56.28/logs/signoff/28-parasitics_extraction.min.log"

Mon May 27 20:57:10 UTC 2024 - Executing "{openroad -exit /openlane/scripts/openroad/rcx.tcl |& tee /dev/null /openlane/designs/pipelined_multiplier/runs/RUN_2024.05.27_20.56.28/logs/signoff/28-parasitics_extraction.min.log}"

Mon May 27 20:57:10 UTC 2024 - Executing "sta -exit -no_init /openlane/scripts/openroad/sta/multi_corner.tcl |& tee /dev/null /openlane/designs/pipelined_multiplier/runs/RUN_2024.05.27_20.56.28/logs/signoff/29-rcx_mcsta.min.log"

Mon May 27 20:57:10 UTC 2024 - Executing "{sta -exit -no_init /openlane/scripts/openroad/sta/multi_corner.tcl |& tee /dev/null /openlane/designs/pipelined_multiplier/runs/RUN_2024.05.27_20.56.28/logs/signoff/29-rcx_mcsta.min.log}"

Mon May 27 20:57:12 UTC 2024 - Executing "openroad -exit /openlane/scripts/openroad/rcx.tcl |& tee /dev/null /openlane/designs/pipelined_multiplier/runs/RUN_2024.05.27_20.56.28/logs/signoff/30-parasitics_extraction.max.log"

Mon May 27 20:57:12 UTC 2024 - Executing "{openroad -exit /openlane/scripts/openroad/rcx.tcl |& tee /dev/null /openlane/designs/pipelined_multiplier/runs/RUN_2024.05.27_20.56.28/logs/signoff/30-parasitics_extraction.max.log}"

Mon May 27 20:57:12 UTC 2024 - Executing "sta -exit -no_init /openlane/scripts/openroad/sta/multi_corner.tcl |& tee /dev/null /openlane/designs/pipelined_multiplier/runs/RUN_2024.05.27_20.56.28/logs/signoff/31-rcx_mcsta.max.log"

Mon May 27 20:57:12 UTC 2024 - Executing "{sta -exit -no_init /openlane/scripts/openroad/sta/multi_corner.tcl |& tee /dev/null /openlane/designs/pipelined_multiplier/runs/RUN_2024.05.27_20.56.28/logs/signoff/31-rcx_mcsta.max.log}"

Mon May 27 20:57:14 UTC 2024 - Executing "openroad -exit /openlane/scripts/openroad/rcx.tcl |& tee /dev/null /openlane/designs/pipelined_multiplier/runs/RUN_2024.05.27_20.56.28/logs/signoff/32-parasitics_extraction.nom.log"

Mon May 27 20:57:14 UTC 2024 - Executing "{openroad -exit /openlane/scripts/openroad/rcx.tcl |& tee /dev/null /openlane/designs/pipelined_multiplier/runs/RUN_2024.05.27_20.56.28/logs/signoff/32-parasitics_extraction.nom.log}"

Mon May 27 20:57:14 UTC 2024 - Executing "sta -exit -no_init /openlane/scripts/openroad/sta/multi_corner.tcl |& tee /dev/null /openlane/designs/pipelined_multiplier/runs/RUN_2024.05.27_20.56.28/logs/signoff/33-rcx_mcsta.nom.log"

Mon May 27 20:57:14 UTC 2024 - Executing "{sta -exit -no_init /openlane/scripts/openroad/sta/multi_corner.tcl |& tee /dev/null /openlane/designs/pipelined_multiplier/runs/RUN_2024.05.27_20.56.28/logs/signoff/33-rcx_mcsta.nom.log}"

Mon May 27 20:57:16 UTC 2024 - Executing "openroad -exit /openlane/scripts/openroad/irdrop.tcl |& tee /dev/null /openlane/designs/pipelined_multiplier/runs/RUN_2024.05.27_20.56.28/logs/signoff/34-irdrop.log"

Mon May 27 20:57:16 UTC 2024 - Executing "{openroad -exit /openlane/scripts/openroad/irdrop.tcl |& tee /dev/null /openlane/designs/pipelined_multiplier/runs/RUN_2024.05.27_20.56.28/logs/signoff/34-irdrop.log}"

Mon May 27 20:57:16 UTC 2024 - Executing "magic -noconsole -dnull -rcfile /home/satvik/.volare/sky130A/libs.tech/magic/sky130A.magicrc < /openlane/scripts/magic/wrapper.tcl |& tee /dev/null /openlane/designs/pipelined_multiplier/runs/RUN_2024.05.27_20.56.28/logs/signoff/35-gdsii.log"

Mon May 27 20:57:16 UTC 2024 - Executing "{magic -noconsole -dnull -rcfile /home/satvik/.volare/sky130A/libs.tech/magic/sky130A.magicrc < /openlane/scripts/magic/wrapper.tcl |& tee /dev/null /openlane/designs/pipelined_multiplier/runs/RUN_2024.05.27_20.56.28/logs/signoff/35-gdsii.log}"

Mon May 27 20:57:17 UTC 2024 - Executing "magic -noconsole -dnull -rcfile /home/satvik/.volare/sky130A/libs.tech/magic/sky130A.magicrc < /openlane/scripts/magic/wrapper.tcl |& tee /dev/null /openlane/designs/pipelined_multiplier/runs/RUN_2024.05.27_20.56.28/logs/signoff/35-gds_ptrs.log"

Mon May 27 20:57:17 UTC 2024 - Executing "{magic -noconsole -dnull -rcfile /home/satvik/.volare/sky130A/libs.tech/magic/sky130A.magicrc < /openlane/scripts/magic/wrapper.tcl |& tee /dev/null /openlane/designs/pipelined_multiplier/runs/RUN_2024.05.27_20.56.28/logs/signoff/35-gds_ptrs.log}"

Mon May 27 20:57:17 UTC 2024 - Executing "{sed -i.bak -n {/^<< properties >>/,/^<< end >>/p} /openlane/designs/pipelined_multiplier/runs/RUN_2024.05.27_20.56.28/tmp/signoff/gds_ptrs.mag}"

Mon May 27 20:57:17 UTC 2024 - Executing "magic -noconsole -dnull -rcfile /home/satvik/.volare/sky130A/libs.tech/magic/sky130A.magicrc < /openlane/scripts/magic/wrapper.tcl |& tee /dev/null /openlane/designs/pipelined_multiplier/runs/RUN_2024.05.27_20.56.28/logs/signoff/35-lef.log"

Mon May 27 20:57:17 UTC 2024 - Executing "{magic -noconsole -dnull -rcfile /home/satvik/.volare/sky130A/libs.tech/magic/sky130A.magicrc < /openlane/scripts/magic/wrapper.tcl |& tee /dev/null /openlane/designs/pipelined_multiplier/runs/RUN_2024.05.27_20.56.28/logs/signoff/35-lef.log}"

Mon May 27 20:57:18 UTC 2024 - Executing "magic -noconsole -dnull -rcfile /home/satvik/.volare/sky130A/libs.tech/magic/sky130A.magicrc < /openlane/scripts/magic/wrapper.tcl |& tee /dev/null /openlane/designs/pipelined_multiplier/runs/RUN_2024.05.27_20.56.28/logs/signoff/35-maglef.log"

Mon May 27 20:57:18 UTC 2024 - Executing "{magic -noconsole -dnull -rcfile /home/satvik/.volare/sky130A/libs.tech/magic/sky130A.magicrc < /openlane/scripts/magic/wrapper.tcl |& tee /dev/null /openlane/designs/pipelined_multiplier/runs/RUN_2024.05.27_20.56.28/logs/signoff/35-maglef.log}"

Mon May 27 20:57:18 UTC 2024 - Executing "{python3 /openlane/scripts/klayout/stream_out.py --output /openlane/designs/pipelined_multiplier/runs/RUN_2024.05.27_20.56.28/results/signoff/pipelined_multiplier.klayout.gds --lyt /home/satvik/.volare/sky130A/libs.tech/klayout/tech/sky130A.lyt --lym /home/satvik/.volare/sky130A/libs.tech/klayout/tech/sky130A.map --lyp /home/satvik/.volare/sky130A/libs.tech/klayout/tech/sky130A.lyp --top pipelined_multiplier --with-gds-file /home/satvik/.volare/sky130A/libs.ref/sky130_fd_sc_hd/gds/sky130_fd_sc_hd.gds --input-lef /openlane/designs/pipelined_multiplier/runs/RUN_2024.05.27_20.56.28/tmp/merged.nom.lef /openlane/designs/pipelined_multiplier/runs/RUN_2024.05.27_20.56.28/results/routing/pipelined_multiplier.def |& tee /dev/null /openlane/designs/pipelined_multiplier/runs/RUN_2024.05.27_20.56.28/logs/signoff/36-gdsii-klayout.log}"

Mon May 27 20:57:18 UTC 2024 - Executing "{klayout -b -r /openlane/scripts/klayout/xor.drc -rd a=/openlane/designs/pipelined_multiplier/runs/RUN_2024.05.27_20.56.28/results/signoff/pipelined_multiplier.gds -rd b=/openlane/designs/pipelined_multiplier/runs/RUN_2024.05.27_20.56.28/results/signoff/pipelined_multiplier.klayout.gds -rd jobs=1 -rd rdb_out=/openlane/designs/pipelined_multiplier/runs/RUN_2024.05.27_20.56.28/reports/signoff/37-xor.xml -rd ignore=81/14 -rd rpt_out=/openlane/designs/pipelined_multiplier/runs/RUN_2024.05.27_20.56.28/reports/signoff/37-xor.rpt |& tee /dev/null /openlane/designs/pipelined_multiplier/runs/RUN_2024.05.27_20.56.28/logs/signoff/37-xor.log}"

Mon May 27 20:57:19 UTC 2024 - Executing "magic -noconsole -dnull -rcfile /home/satvik/.volare/sky130A/libs.tech/magic/sky130A.magicrc < /openlane/scripts/magic/wrapper.tcl |& tee /dev/null /openlane/designs/pipelined_multiplier/runs/RUN_2024.05.27_20.56.28/logs/signoff/38-spice.log"

Mon May 27 20:57:19 UTC 2024 - Executing "{magic -noconsole -dnull -rcfile /home/satvik/.volare/sky130A/libs.tech/magic/sky130A.magicrc < /openlane/scripts/magic/wrapper.tcl |& tee /dev/null /openlane/designs/pipelined_multiplier/runs/RUN_2024.05.27_20.56.28/logs/signoff/38-spice.log}"

Mon May 27 20:57:20 UTC 2024 - Executing "{openroad -exit -no_init -python /openlane/scripts/odbpy/power_utils.py write_powered_def --output /openlane/designs/pipelined_multiplier/runs/RUN_2024.05.27_20.56.28/tmp/signoff/38-pipelined_multiplier.p.def --input-lef /openlane/designs/pipelined_multiplier/runs/RUN_2024.05.27_20.56.28/tmp/merged.nom.lef --power-port VPWR --ground-port VGND --powered-netlist {} /openlane/designs/pipelined_multiplier/runs/RUN_2024.05.27_20.56.28/results/routing/pipelined_multiplier.def |& tee /dev/null /openlane/designs/pipelined_multiplier/runs/RUN_2024.05.27_20.56.28/logs/signoff/39-write_powered_def.log}"

Mon May 27 20:57:20 UTC 2024 - Executing "openroad -exit /openlane/scripts/openroad/write_views.tcl |& tee /dev/null /openlane/designs/pipelined_multiplier/runs/RUN_2024.05.27_20.56.28/logs/signoff/39-write_powered_verilog.log"

Mon May 27 20:57:20 UTC 2024 - Executing "{openroad -exit /openlane/scripts/openroad/write_views.tcl |& tee /dev/null /openlane/designs/pipelined_multiplier/runs/RUN_2024.05.27_20.56.28/logs/signoff/39-write_powered_verilog.log}"

Mon May 27 20:57:21 UTC 2024 - Executing "{sed -i.bak -e {s/\(set ::env(CURRENT_NETLIST)\).*/\1 \/openlane\/designs\/pipelined_multiplier\/runs\/RUN_2024.05.27_20.56.28\/tmp\/signoff\/38-pipelined_multiplier.nl.v/} /openlane/designs/pipelined_multiplier/runs/RUN_2024.05.27_20.56.28/config.tcl}"

Mon May 27 20:57:21 UTC 2024 - Executing "{netgen -batch source /openlane/designs/pipelined_multiplier/runs/RUN_2024.05.27_20.56.28/tmp/signoff/41-setup_file.lef.lvs |& tee /dev/null /openlane/designs/pipelined_multiplier/runs/RUN_2024.05.27_20.56.28/logs/signoff/41-lvs.lef.log}"

Mon May 27 20:57:21 UTC 2024 - Executing "magic -noconsole -dnull -rcfile /home/satvik/.volare/sky130A/libs.tech/magic/sky130A.magicrc < /openlane/scripts/magic/wrapper.tcl |& tee /dev/null /openlane/designs/pipelined_multiplier/runs/RUN_2024.05.27_20.56.28/logs/signoff/42-drc.log"

Mon May 27 20:57:21 UTC 2024 - Executing "{magic -noconsole -dnull -rcfile /home/satvik/.volare/sky130A/libs.tech/magic/sky130A.magicrc < /openlane/scripts/magic/wrapper.tcl |& tee /dev/null /openlane/designs/pipelined_multiplier/runs/RUN_2024.05.27_20.56.28/logs/signoff/42-drc.log}"

Mon May 27 20:57:22 UTC 2024 - Executing "{python3 /openlane/scripts/drc_rosetta.py magic to_tcl -o /openlane/designs/pipelined_multiplier/runs/RUN_2024.05.27_20.56.28/reports/signoff/drc.tcl /openlane/designs/pipelined_multiplier/runs/RUN_2024.05.27_20.56.28/reports/signoff/drc.rpt}"

Mon May 27 20:57:22 UTC 2024 - Executing "{python3 /openlane/scripts/drc_rosetta.py magic to_tr -o /openlane/designs/pipelined_multiplier/runs/RUN_2024.05.27_20.56.28/reports/signoff/drc.tr /openlane/designs/pipelined_multiplier/runs/RUN_2024.05.27_20.56.28/reports/signoff/drc.rpt}"

Mon May 27 20:57:22 UTC 2024 - Executing "{python3 /openlane/scripts/drc_rosetta.py tr to_klayout -o /openlane/designs/pipelined_multiplier/runs/RUN_2024.05.27_20.56.28/reports/signoff/drc.klayout.xml --design-name pipelined_multiplier /openlane/designs/pipelined_multiplier/runs/RUN_2024.05.27_20.56.28/reports/signoff/drc.tr}"

Mon May 27 20:57:22 UTC 2024 - Executing "{python3 /openlane/scripts/drc_rosetta.py magic to_rdb -o /openlane/designs/pipelined_multiplier/runs/RUN_2024.05.27_20.56.28/reports/signoff/drc.rdb /openlane/designs/pipelined_multiplier/runs/RUN_2024.05.27_20.56.28/reports/signoff/drc.rpt}"

Mon May 27 20:57:23 UTC 2024 - Executing "{klayout -b -zz -r /home/satvik/.volare/sky130A/libs.tech/klayout/drc/sky130A_mr.drc -rd topcell=pipelined_multiplier -rd input=/openlane/designs/pipelined_multiplier/runs/RUN_2024.05.27_20.56.28/results/signoff/pipelined_multiplier.gds -rd report=/openlane/designs/pipelined_multiplier/runs/RUN_2024.05.27_20.56.28/reports/signoff/violations.xml -rd feol=true -rd beol=true -rd floating_metal=false -rd seal=true -rd thread=1 |& tee /dev/null /openlane/designs/pipelined_multiplier/runs/RUN_2024.05.27_20.56.28/logs/signoff/43-drc-klayout.log}"

Mon May 27 20:57:25 UTC 2024 - Executing "{python3 /openlane/scripts/klayout/xml_drc_report_to_json.py --xml-file /openlane/designs/pipelined_multiplier/runs/RUN_2024.05.27_20.56.28/reports/signoff/violations.xml --json-file /openlane/designs/pipelined_multiplier/runs/RUN_2024.05.27_20.56.28/reports/signoff/violations.json}"

Mon May 27 20:57:25 UTC 2024 - Executing "openroad -exit /openlane/scripts/openroad/antenna_check.tcl |& tee /dev/null /openlane/designs/pipelined_multiplier/runs/RUN_2024.05.27_20.56.28/logs/signoff/44-arc.log"

Mon May 27 20:57:25 UTC 2024 - Executing "{openroad -exit /openlane/scripts/openroad/antenna_check.tcl |& tee /dev/null /openlane/designs/pipelined_multiplier/runs/RUN_2024.05.27_20.56.28/logs/signoff/44-arc.log}"

Mon May 27 20:57:25 UTC 2024 - Executing "{python3 /openlane/scripts/extract_antenna_violators.py --output /openlane/designs/pipelined_multiplier/runs/RUN_2024.05.27_20.56.28/reports/signoff/44-antenna_violators.rpt --plain-out /openlane/designs/pipelined_multiplier/runs/RUN_2024.05.27_20.56.28/reports/signoff/44-antenna_violators_pins.txt /openlane/designs/pipelined_multiplier/runs/RUN_2024.05.27_20.56.28/logs/signoff/44-arc.log}"

Mon May 27 20:57:25 UTC 2024 - Executing "{python3 /openlane/scripts/write_runtime.py --conclude --seconds --time-in 1716843445 {flow completed}}"

Mon May 27 20:57:25 UTC 2024 - Executing "{python3 /openlane/scripts/generate_reports.py -d /openlane/designs/pipelined_multiplier --design_name pipelined_multiplier --tag RUN_2024.05.27_20.56.28 --output_file /openlane/designs/pipelined_multiplier/runs/RUN_2024.05.27_20.56.28/reports/metrics.csv --man_report /openlane/designs/pipelined_multiplier/runs/RUN_2024.05.27_20.56.28/reports/manufacturability.rpt --run_path /openlane/designs/pipelined_multiplier/runs/RUN_2024.05.27_20.56.28}"

