OpenROAD 0889970d1790a2617e69f253221b8bd7626e51dc 
This program is licensed under the BSD-3 license. See the LICENSE file for details.
Components of this program may be licensed under more restrictive licenses which must be honored.
[INFO ODB-0222] Reading LEF file: /openlane/designs/pipelined_multiplier/runs/RUN_2024.05.27_20.56.28/tmp/merged.nom.lef
[INFO ODB-0223]     Created 13 technology layers
[INFO ODB-0224]     Created 25 technology vias
[INFO ODB-0225]     Created 441 library cells
[INFO ODB-0226] Finished LEF file:  /openlane/designs/pipelined_multiplier/runs/RUN_2024.05.27_20.56.28/tmp/merged.nom.lef
[INFO ODB-0127] Reading DEF file: /openlane/designs/pipelined_multiplier/runs/RUN_2024.05.27_20.56.28/results/routing/pipelined_multiplier.def
[INFO ODB-0128] Design: pipelined_multiplier
[INFO ODB-0130]     Created 36 pins.
[INFO ODB-0131]     Created 1191 components and 6022 component-terminals.
[INFO ODB-0132]     Created 2 special nets and 4554 connections.
[INFO ODB-0133]     Created 457 nets and 1468 connections.
[INFO ODB-0134] Finished DEF file: /openlane/designs/pipelined_multiplier/runs/RUN_2024.05.27_20.56.28/results/routing/pipelined_multiplier.def
define_corners Typical
read_liberty -corner Typical /home/satvik/.volare/sky130A/libs.ref/sky130_fd_sc_hd/lib/sky130_fd_sc_hd__tt_025C_1v80.lib
Using 1e-12 for capacitance...
Using 1e+03 for resistance...
Using 1e-09 for time...
Using 1e+00 for voltage...
Using 1e-03 for current...
Using 1e-09 for power...
Using 1e-06 for distance...
Using RCX ruleset '/home/satvik/.volare/sky130A/libs.tech/openlane/rules.openrcx.sky130A.nom.calibre'...
[INFO RCX-0431] Defined process_corner X with ext_model_index 0
[INFO RCX-0029] Defined extraction corner X
[INFO RCX-0008] extracting parasitics of pipelined_multiplier ...
[INFO RCX-0435] Reading extraction model file /home/satvik/.volare/sky130A/libs.tech/openlane/rules.openrcx.sky130A.nom.calibre ...
[INFO RCX-0436] RC segment generation pipelined_multiplier (max_merge_res 50.0) ...
[INFO RCX-0040] Final 1630 rc segments
[INFO RCX-0439] Coupling Cap extraction pipelined_multiplier ...
[INFO RCX-0440] Coupling threshhold is 0.1000 fF, coupling capacitance less than 0.1000 fF will be grounded.
[INFO RCX-0043] 3140 wires to be extracted
[INFO RCX-0442] 52% completion -- 1648 wires have been extracted
[INFO RCX-0442] 100% completion -- 3140 wires have been extracted
[INFO RCX-0045] Extract 457 nets, 2087 rsegs, 2087 caps, 2314 ccs
[INFO RCX-0015] Finished extracting pipelined_multiplier.
Writing result to /openlane/designs/pipelined_multiplier/runs/RUN_2024.05.27_20.56.28/results/routing/mca/process_corner_nom/pipelined_multiplier.spef...
Setting global connections for newly added cells…
[WARNING] Did not save OpenROAD database!
Writing extracted parasitics to '/openlane/designs/pipelined_multiplier/runs/RUN_2024.05.27_20.56.28/results/routing/mca/process_corner_nom/pipelined_multiplier.spef'…
[INFO RCX-0016] Writing SPEF ...
[INFO RCX-0443] 457 nets finished
[INFO RCX-0017] Finished writing SPEF ...
