OpenROAD 0889970d1790a2617e69f253221b8bd7626e51dc 
This program is licensed under the BSD-3 license. See the LICENSE file for details.
Components of this program may be licensed under more restrictive licenses which must be honored.
[INFO ODB-0222] Reading LEF file: /openlane/designs/pipelined_multiplier/runs/RUN_2024.05.27_20.56.28/tmp/merged.nom.lef
[INFO ODB-0223]     Created 13 technology layers
[INFO ODB-0224]     Created 25 technology vias
[INFO ODB-0225]     Created 441 library cells
[INFO ODB-0226] Finished LEF file:  /openlane/designs/pipelined_multiplier/runs/RUN_2024.05.27_20.56.28/tmp/merged.nom.lef
[INFO ODB-0127] Reading DEF file: /openlane/designs/pipelined_multiplier/runs/RUN_2024.05.27_20.56.28/results/routing/pipelined_multiplier.def
[INFO ODB-0128] Design: pipelined_multiplier
[INFO ODB-0130]     Created 36 pins.
[INFO ODB-0131]     Created 1191 components and 6022 component-terminals.
[INFO ODB-0132]     Created 2 special nets and 4554 connections.
[INFO ODB-0133]     Created 457 nets and 1468 connections.
[INFO ODB-0134] Finished DEF file: /openlane/designs/pipelined_multiplier/runs/RUN_2024.05.27_20.56.28/results/routing/pipelined_multiplier.def
Top-level design name: pipelined_multiplier
Found default power net 'VPWR'
Found default ground net 'VGND'
Found 1 power ports.
Found 1 ground ports.
Modified power connections of 1191/1191 cells.
